Started GET "/" for ::1 at 2020-10-08 16:36:51 -0700
DEPRECATION WARNING: ActiveRecord::Base.raise_in_transactional_callbacks= is deprecated, has no effect and will be removed without replacement. (called from block (3 levels) in <class:Railtie> at /Users/carlosgarciajr/.rbenv/versions/2.5.1/lib/ruby/gems/2.5.0/gems/activerecord-5.0.7.2/lib/active_record/railtie.rb:113)
Processing by StaticPagesController#index as HTML
  Rendering static_pages/index.html.erb within layouts/application
  Rendered shared/_main_nav.html.erb (0.3ms)
  Rendered shared/_masthead.html.erb (0.2ms)
  Rendered shared/_sections_nav.html.erb (0.2ms)
  Rendered shared/_search_modal.html.erb (0.2ms)
  Rendered shared/_main_content.html.erb (0.2ms)
  Rendered static_pages/index.html.erb within layouts/application (15.2ms)
Completed 200 OK in 362ms (Views: 358.9ms | ActiveRecord: 0.0ms)


Started GET "/assets/application.self-5e5b219656abf8c4e83f7dfd5e5f4f415d8fe2348d16620303a4ed96d1b5a144.css?body=1" for ::1 at 2020-10-08 16:36:52 -0700
Started GET "/" for ::1 at 2020-10-08 16:36:53 -0700
Processing by StaticPagesController#index as HTML
  Rendering static_pages/index.html.erb within layouts/application
  Rendered shared/_main_nav.html.erb (0.2ms)
  Rendered shared/_masthead.html.erb (0.2ms)
  Rendered shared/_sections_nav.html.erb (0.2ms)
  Rendered shared/_search_modal.html.erb (0.2ms)
  Rendered shared/_main_content.html.erb (0.1ms)
  Rendered static_pages/index.html.erb within layouts/application (13.2ms)
Completed 200 OK in 29ms (Views: 26.9ms | ActiveRecord: 0.0ms)


Started GET "/" for ::1 at 2020-10-08 16:37:17 -0700
Processing by StaticPagesController#index as HTML
  Rendering static_pages/index.html.erb within layouts/application
  Rendered shared/_main_nav.html.erb (0.2ms)
  Rendered shared/_masthead.html.erb (0.2ms)
  Rendered shared/_sections_nav.html.erb (0.2ms)
  Rendered shared/_search_modal.html.erb (0.2ms)
  Rendered shared/_main_content.html.erb (0.2ms)
  Rendered static_pages/index.html.erb within layouts/application (14.6ms)
Completed 200 OK in 35ms (Views: 31.8ms | ActiveRecord: 0.0ms)


Started GET "/" for ::1 at 2020-10-08 16:37:20 -0700
Processing by StaticPagesController#index as HTML
  Rendering static_pages/index.html.erb within layouts/application
  Rendered shared/_main_nav.html.erb (0.2ms)
  Rendered shared/_masthead.html.erb (0.2ms)
  Rendered shared/_sections_nav.html.erb (0.2ms)
  Rendered shared/_search_modal.html.erb (0.2ms)
  Rendered shared/_main_content.html.erb (0.2ms)
  Rendered static_pages/index.html.erb within layouts/application (12.8ms)
Completed 200 OK in 30ms (Views: 27.7ms | ActiveRecord: 0.0ms)


Started GET "/" for ::1 at 2020-10-09 09:59:50 -0700
DEPRECATION WARNING: ActiveRecord::Base.raise_in_transactional_callbacks= is deprecated, has no effect and will be removed without replacement. (called from block (3 levels) in <class:Railtie> at /Users/carlosgarciajr/.rbenv/versions/2.5.1/lib/ruby/gems/2.5.0/gems/activerecord-5.0.7.2/lib/active_record/railtie.rb:113)
Processing by StaticPagesController#index as HTML
  Rendering static_pages/index.html.erb within layouts/application
  Rendered shared/_main_nav.html.erb (0.3ms)
  Rendered shared/_masthead.html.erb (0.2ms)
  Rendered shared/_sections_nav.html.erb (0.2ms)
  Rendered shared/_search_modal.html.erb (0.2ms)
  Rendered shared/_main_content.html.erb (0.2ms)
  Rendered static_pages/index.html.erb within layouts/application (15.4ms)
Completed 200 OK in 353ms (Views: 350.1ms | ActiveRecord: 0.0ms)


Started GET "/assets/application.self-7aae4f884d21c0f895d0e25909b4a3857ca3f7bdd4412baf28bf32a8b1f558b1.css?body=1" for ::1 at 2020-10-09 09:59:51 -0700
Started GET "/" for ::1 at 2020-10-09 10:00:16 -0700
Processing by StaticPagesController#index as HTML
  Rendering static_pages/index.html.erb within layouts/application
  Rendered shared/_main_nav.html.erb (0.2ms)
  Rendered shared/_masthead.html.erb (0.2ms)
  Rendered shared/_sections_nav.html.erb (0.1ms)
  Rendered shared/_search_modal.html.erb (0.2ms)
  Rendered shared/_main_content.html.erb (0.4ms)
  Rendered static_pages/index.html.erb within layouts/application (12.9ms)
Completed 200 OK in 34ms (Views: 30.5ms | ActiveRecord: 0.0ms)


Started GET "/assets/new_office.jpg" for ::1 at 2020-10-09 10:00:16 -0700
Started GET "/" for ::1 at 2020-10-09 10:03:51 -0700
Processing by StaticPagesController#index as HTML
  Rendering static_pages/index.html.erb within layouts/application
  Rendered shared/_main_nav.html.erb (0.2ms)
  Rendered shared/_masthead.html.erb (0.2ms)
  Rendered shared/_sections_nav.html.erb (0.3ms)
  Rendered shared/_search_modal.html.erb (0.2ms)
  Rendered shared/_main_content.html.erb (0.3ms)
  Rendered static_pages/index.html.erb within layouts/application (13.1ms)
Completed 200 OK in 109ms (Views: 104.9ms | ActiveRecord: 0.0ms)


Started GET "/assets/application.self-e229079662ba64eec2df88cc9898f07a6b5005419aa37c928d3d684a6d58d3e4.css?body=1" for ::1 at 2020-10-09 10:03:51 -0700
Started GET "/assets/new_office.jpg" for ::1 at 2020-10-09 10:03:51 -0700
Started GET "/" for ::1 at 2020-10-12 13:48:14 -0700
DEPRECATION WARNING: ActiveRecord::Base.raise_in_transactional_callbacks= is deprecated, has no effect and will be removed without replacement. (called from block (3 levels) in <class:Railtie> at /Users/carlosgarciajr/.rbenv/versions/2.5.1/lib/ruby/gems/2.5.0/gems/activerecord-5.0.7.2/lib/active_record/railtie.rb:113)
Processing by StaticPagesController#index as HTML
  Rendering static_pages/index.html.erb within layouts/application
  Rendered shared/_main_nav.html.erb (0.2ms)
  Rendered shared/_masthead.html.erb (0.1ms)
  Rendered shared/_sections_nav.html.erb (0.1ms)
  Rendered shared/_search_modal.html.erb (0.2ms)
  Rendered shared/_main_content.html.erb (0.3ms)
  Rendered static_pages/index.html.erb within layouts/application (14.5ms)
Completed 500 Internal Server Error in 194ms (ActiveRecord: 0.0ms)



Sass::SyntaxError - File to import not found or unreadable: base/grid.scss.
Load paths:
  /Users/carlosgarciajr/Documents/programming/app_academy_work/curriculum/html-css/projects/aa_times/skeleton/app/assets/images
  /Users/carlosgarciajr/Documents/programming/app_academy_work/curriculum/html-css/projects/aa_times/skeleton/app/assets/javascripts
  /Users/carlosgarciajr/Documents/programming/app_academy_work/curriculum/html-css/projects/aa_times/skeleton/app/assets/stylesheets
  /Users/carlosgarciajr/Documents/programming/app_academy_work/curriculum/html-css/projects/aa_times/skeleton/vendor/assets/javascripts
  /Users/carlosgarciajr/Documents/programming/app_academy_work/curriculum/html-css/projects/aa_times/skeleton/vendor/assets/stylesheets
  /Users/carlosgarciajr/.rbenv/versions/2.5.1/lib/ruby/gems/2.5.0/gems/jquery-rails-4.4.0/vendor/assets/javascripts
  /Users/carlosgarciajr/.rbenv/versions/2.5.1/lib/ruby/gems/2.5.0/gems/coffee-rails-4.2.2/lib/assets/javascripts
  /Users/carlosgarciajr/.rbenv/versions/2.5.1/lib/ruby/gems/2.5.0/gems/actioncable-5.0.7.2/lib/assets/compiled:
  app/views/layouts/application.html.erb:7:in `_app_views_layouts_application_html_erb___270333905406359367_70279989431840'

Started POST "/__better_errors/927a171e4587d656/variables" for ::1 at 2020-10-12 13:48:14 -0700
Started GET "/" for ::1 at 2020-10-12 13:48:41 -0700
Processing by StaticPagesController#index as HTML
  Rendering static_pages/index.html.erb within layouts/application
  Rendered shared/_main_nav.html.erb (0.2ms)
  Rendered shared/_masthead.html.erb (0.1ms)
  Rendered shared/_sections_nav.html.erb (0.3ms)
  Rendered shared/_search_modal.html.erb (0.3ms)
  Rendered shared/_main_content.html.erb (0.2ms)
  Rendered static_pages/index.html.erb within layouts/application (12.8ms)
Completed 200 OK in 110ms (Views: 107.4ms | ActiveRecord: 0.0ms)


Started GET "/assets/application.self-1237ad35a9ee79bd64030d4638d1fd80f6734c490eb538e0dd01d7af3c16bf40.css?body=1" for ::1 at 2020-10-12 13:48:41 -0700
Started GET "/" for ::1 at 2020-10-12 13:48:43 -0700
Processing by StaticPagesController#index as HTML
  Rendering static_pages/index.html.erb within layouts/application
  Rendered shared/_main_nav.html.erb (0.2ms)
  Rendered shared/_masthead.html.erb (0.2ms)
  Rendered shared/_sections_nav.html.erb (0.2ms)
  Rendered shared/_search_modal.html.erb (0.2ms)
  Rendered shared/_main_content.html.erb (0.2ms)
  Rendered static_pages/index.html.erb within layouts/application (13.1ms)
Completed 200 OK in 33ms (Views: 29.9ms | ActiveRecord: 0.0ms)


Started GET "/" for ::1 at 2020-10-12 13:55:52 -0700
DEPRECATION WARNING: ActiveRecord::Base.raise_in_transactional_callbacks= is deprecated, has no effect and will be removed without replacement. (called from block (3 levels) in <class:Railtie> at /Users/carlosgarciajr/.rbenv/versions/2.5.1/lib/ruby/gems/2.5.0/gems/activerecord-5.0.7.2/lib/active_record/railtie.rb:113)
Processing by StaticPagesController#index as HTML
  Rendering static_pages/index.html.erb within layouts/application
  Rendered shared/_main_nav.html.erb (0.2ms)
  Rendered shared/_masthead.html.erb (0.1ms)
  Rendered shared/_sections_nav.html.erb (0.3ms)
  Rendered shared/_search_modal.html.erb (0.2ms)
  Rendered shared/_main_content.html.erb (0.3ms)
  Rendered static_pages/index.html.erb within layouts/application (14.6ms)
Completed 200 OK in 257ms (Views: 254.8ms | ActiveRecord: 0.0ms)


Started GET "/assets/application.self-758afe40c177e32f890a8b8e23f11571b5d1785af915c0789bd6a19191afc6ab.css?body=1" for ::1 at 2020-10-12 13:55:52 -0700
Started GET "/assets/new_office.jpg" for ::1 at 2020-10-12 13:55:52 -0700
Started GET "/" for ::1 at 2020-10-12 13:56:32 -0700
Processing by StaticPagesController#index as HTML
  Rendering static_pages/index.html.erb within layouts/application
  Rendered shared/_main_nav.html.erb (0.1ms)
  Rendered shared/_masthead.html.erb (0.2ms)
  Rendered shared/_sections_nav.html.erb (0.1ms)
  Rendered shared/_search_modal.html.erb (0.3ms)
  Rendered shared/_main_content.html.erb (0.3ms)
  Rendered static_pages/index.html.erb within layouts/application (12.3ms)
Completed 200 OK in 75ms (Views: 72.8ms | ActiveRecord: 0.0ms)


Started GET "/assets/application.self-e229079662ba64eec2df88cc9898f07a6b5005419aa37c928d3d684a6d58d3e4.css?body=1" for ::1 at 2020-10-12 13:56:32 -0700
Started GET "/assets/new_office.jpg" for ::1 at 2020-10-12 13:56:32 -0700
Started GET "/" for ::1 at 2020-10-12 13:56:33 -0700
Processing by StaticPagesController#index as HTML
  Rendering static_pages/index.html.erb within layouts/application
  Rendered shared/_main_nav.html.erb (0.2ms)
  Rendered shared/_masthead.html.erb (0.2ms)
  Rendered shared/_sections_nav.html.erb (0.2ms)
  Rendered shared/_search_modal.html.erb (0.2ms)
  Rendered shared/_main_content.html.erb (0.2ms)
  Rendered static_pages/index.html.erb within layouts/application (12.9ms)
Completed 200 OK in 34ms (Views: 31.3ms | ActiveRecord: 0.0ms)


Started GET "/assets/new_office.jpg" for ::1 at 2020-10-12 13:56:33 -0700
Started GET "/" for ::1 at 2020-10-12 13:57:15 -0700
Processing by StaticPagesController#index as HTML
  Rendering static_pages/index.html.erb within layouts/application
  Rendered shared/_main_nav.html.erb (0.2ms)
  Rendered shared/_masthead.html.erb (0.2ms)
  Rendered shared/_sections_nav.html.erb (0.2ms)
  Rendered shared/_search_modal.html.erb (0.2ms)
  Rendered shared/_main_content.html.erb (0.3ms)
  Rendered static_pages/index.html.erb within layouts/application (12.6ms)
Completed 200 OK in 92ms (Views: 88.2ms | ActiveRecord: 0.0ms)


Started GET "/assets/application.self-7aae4f884d21c0f895d0e25909b4a3857ca3f7bdd4412baf28bf32a8b1f558b1.css?body=1" for ::1 at 2020-10-12 13:57:15 -0700
Started GET "/assets/new_office.jpg" for ::1 at 2020-10-12 13:57:15 -0700
Started GET "/" for ::1 at 2021-02-11 14:15:26 -0500
DEPRECATION WARNING: ActiveRecord::Base.raise_in_transactional_callbacks= is deprecated, has no effect and will be removed without replacement. (called from block (3 levels) in <class:Railtie> at /Users/sham/.rbenv/versions/2.5.1/lib/ruby/gems/2.5.0/gems/activerecord-5.0.7.2/lib/active_record/railtie.rb:113)
Processing by StaticPagesController#index as HTML
  Rendering static_pages/index.html.erb within layouts/application
  Rendered shared/_main_nav.html.erb (0.3ms)
  Rendered shared/_masthead.html.erb (0.3ms)
  Rendered shared/_sections_nav.html.erb (0.3ms)
  Rendered shared/_search_modal.html.erb (0.5ms)
  Rendered shared/_main_content.html.erb (2.8ms)
  Rendered static_pages/index.html.erb within layouts/application (48.4ms)
Completed 200 OK in 1322ms (Views: 1305.6ms | ActiveRecord: 0.0ms)


Started GET "/assets/application.self-6b50772da567507d4fe49660f855b2af8dc4271b976010a6efbb3c91cefe230d.css?body=1" for ::1 at 2021-02-11 14:15:28 -0500
Started GET "/assets/jquery_ujs.self-784a997f6726036b1993eb2217c9cb558e1cbb801c6da88105588c56f13b466a.js?body=1" for ::1 at 2021-02-11 14:15:28 -0500
Started GET "/assets/jquery.self-bd7ddd393353a8d2480a622e80342adf488fb6006d667e8b42e4c0073393abee.js?body=1" for ::1 at 2021-02-11 14:15:28 -0500
Started GET "/assets/components/modal.self-52188644dbb47def5ee35ae02e69eb567ca9b664472357a8a5789dd39032a265.js?body=1" for ::1 at 2021-02-11 14:15:28 -0500
Started GET "/assets/components/sidebar.self-2a1277f850a6fa21e1a974ef5152f177ac05516477d5081d593bb137b3d6808b.js?body=1" for ::1 at 2021-02-11 14:15:28 -0500
Started GET "/assets/application.self-f571b9db02bf4ed04c38a6a29072ac382f7d4f47db1fab9817aeadb0d8665235.js?body=1" for ::1 at 2021-02-11 14:15:28 -0500
Started GET "/" for ::1 at 2021-02-11 14:47:34 -0500
Processing by StaticPagesController#index as HTML
  Rendering static_pages/index.html.erb within layouts/application
  Rendered shared/_main_nav.html.erb (0.5ms)
  Rendered shared/_masthead.html.erb (0.4ms)
  Rendered shared/_sections_nav.html.erb (1.0ms)
  Rendered shared/_search_modal.html.erb (0.4ms)
  Rendered shared/_main_content.html.erb (0.5ms)
  Rendered static_pages/index.html.erb within layouts/application (30.1ms)
Completed 500 Internal Server Error in 237ms (ActiveRecord: 0.0ms)



Sass::SyntaxError - Undefined variable: "$sans-serif".:
  app/views/layouts/application.html.erb:7:in `_app_views_layouts_application_html_erb__4332481340071969888_70266382807880'

Started POST "/__better_errors/56c28bcd5e0a3d7b/variables" for ::1 at 2021-02-11 14:47:36 -0500
Started GET "/" for ::1 at 2021-02-11 14:47:56 -0500
Processing by StaticPagesController#index as HTML
  Rendering static_pages/index.html.erb within layouts/application
  Rendered shared/_main_nav.html.erb (0.8ms)
  Rendered shared/_masthead.html.erb (0.4ms)
  Rendered shared/_sections_nav.html.erb (0.5ms)
  Rendered shared/_search_modal.html.erb (0.4ms)
  Rendered shared/_main_content.html.erb (0.4ms)
  Rendered static_pages/index.html.erb within layouts/application (44.0ms)
Completed 200 OK in 264ms (Views: 259.0ms | ActiveRecord: 0.0ms)


Started GET "/assets/application.self-ca3ba3f230a423f12ea87762adbf03efa3e78e8d9f11ea4d9b8c2cb0b3bddd93.css?body=1" for ::1 at 2021-02-11 14:47:56 -0500
Started GET "/" for ::1 at 2021-02-11 14:50:10 -0500
Processing by StaticPagesController#index as HTML
  Rendering static_pages/index.html.erb within layouts/application
  Rendered shared/_main_nav.html.erb (0.3ms)
  Rendered shared/_masthead.html.erb (0.2ms)
  Rendered shared/_sections_nav.html.erb (0.2ms)
  Rendered shared/_search_modal.html.erb (0.3ms)
  Rendered shared/_main_content.html.erb (0.3ms)
  Rendered static_pages/index.html.erb within layouts/application (18.2ms)
Completed 200 OK in 148ms (Views: 144.4ms | ActiveRecord: 0.0ms)


Started GET "/assets/application.self-cff155d0108b6ee69fa45d199f0a2a84cb74fe0c1ddf773ee9221841a8bd71f9.css?body=1" for ::1 at 2021-02-11 14:50:10 -0500
Started GET "/" for ::1 at 2021-02-11 14:55:41 -0500
Processing by StaticPagesController#index as HTML
  Rendering static_pages/index.html.erb within layouts/application
  Rendered shared/_main_nav.html.erb (0.9ms)
  Rendered shared/_masthead.html.erb (6.3ms)
  Rendered shared/_sections_nav.html.erb (0.4ms)
  Rendered shared/_search_modal.html.erb (0.4ms)
  Rendered shared/_main_content.html.erb (3.9ms)
  Rendered static_pages/index.html.erb within layouts/application (39.3ms)
Completed 200 OK in 193ms (Views: 177.3ms | ActiveRecord: 0.0ms)


Started GET "/" for ::1 at 2021-02-11 14:58:27 -0500
Processing by StaticPagesController#index as HTML
  Rendering static_pages/index.html.erb within layouts/application
  Rendered shared/_main_nav.html.erb (0.3ms)
  Rendered shared/_masthead.html.erb (0.4ms)
  Rendered shared/_sections_nav.html.erb (0.4ms)
  Rendered shared/_search_modal.html.erb (0.3ms)
  Rendered shared/_main_content.html.erb (0.3ms)
  Rendered static_pages/index.html.erb within layouts/application (25.0ms)
Completed 500 Internal Server Error in 99ms (ActiveRecord: 0.0ms)



Sass::SyntaxError - Invalid CSS after "	border-radius": expected ";", was ": 0.5;":
  app/views/layouts/application.html.erb:7:in `_app_views_layouts_application_html_erb__4332481340071969888_70266390816460'

Started POST "/__better_errors/7763abba7842f440/variables" for ::1 at 2021-02-11 14:58:28 -0500
Started GET "/" for ::1 at 2021-02-11 14:58:33 -0500
Processing by StaticPagesController#index as HTML
  Rendering static_pages/index.html.erb within layouts/application
  Rendered shared/_main_nav.html.erb (0.3ms)
  Rendered shared/_masthead.html.erb (0.6ms)
  Rendered shared/_sections_nav.html.erb (0.3ms)
  Rendered shared/_search_modal.html.erb (1.7ms)
  Rendered shared/_main_content.html.erb (0.2ms)
  Rendered static_pages/index.html.erb within layouts/application (25.6ms)
Completed 200 OK in 144ms (Views: 140.5ms | ActiveRecord: 0.0ms)


Started GET "/assets/application.self-25d442a6c01635aa12d42be845f8d6a40c22688c21c3fc576f55053563b95bf9.css?body=1" for ::1 at 2021-02-11 14:58:33 -0500
Started GET "/" for ::1 at 2021-02-11 14:59:01 -0500
Processing by StaticPagesController#index as HTML
  Rendering static_pages/index.html.erb within layouts/application
  Rendered shared/_main_nav.html.erb (0.3ms)
  Rendered shared/_masthead.html.erb (0.2ms)
  Rendered shared/_sections_nav.html.erb (0.2ms)
  Rendered shared/_search_modal.html.erb (0.2ms)
  Rendered shared/_main_content.html.erb (0.3ms)
  Rendered static_pages/index.html.erb within layouts/application (16.6ms)
Completed 200 OK in 116ms (Views: 112.8ms | ActiveRecord: 0.0ms)


Started GET "/assets/application.self-4fc52dbf3a4e6500b0a92a36587dda58b64a1e2be02edb39ef7afca925ea8356.css?body=1" for ::1 at 2021-02-11 14:59:01 -0500
Started GET "/" for ::1 at 2021-02-11 14:59:19 -0500
Processing by StaticPagesController#index as HTML
  Rendering static_pages/index.html.erb within layouts/application
  Rendered shared/_main_nav.html.erb (0.4ms)
  Rendered shared/_masthead.html.erb (0.3ms)
  Rendered shared/_sections_nav.html.erb (0.2ms)
  Rendered shared/_search_modal.html.erb (0.8ms)
  Rendered shared/_main_content.html.erb (1.4ms)
  Rendered static_pages/index.html.erb within layouts/application (23.5ms)
Completed 200 OK in 140ms (Views: 131.9ms | ActiveRecord: 0.0ms)


Started GET "/assets/application.self-51ba8ad27366937355343785c7c5b535ad95810d4fe61b1d7b8ae209999538bb.css?body=1" for ::1 at 2021-02-11 14:59:19 -0500
Started GET "/" for ::1 at 2021-02-11 14:59:26 -0500
Processing by StaticPagesController#index as HTML
  Rendering static_pages/index.html.erb within layouts/application
  Rendered shared/_main_nav.html.erb (0.5ms)
  Rendered shared/_masthead.html.erb (0.3ms)
  Rendered shared/_sections_nav.html.erb (0.3ms)
  Rendered shared/_search_modal.html.erb (0.5ms)
  Rendered shared/_main_content.html.erb (0.2ms)
  Rendered static_pages/index.html.erb within layouts/application (18.1ms)
Completed 200 OK in 113ms (Views: 105.3ms | ActiveRecord: 0.0ms)


Started GET "/assets/application.self-3edcaa410304ffca5ac978427b617bf9f04e859a7df70288b146cd3bdede1651.css?body=1" for ::1 at 2021-02-11 14:59:26 -0500
Started GET "/" for ::1 at 2021-02-11 14:59:34 -0500
Processing by StaticPagesController#index as HTML
  Rendering static_pages/index.html.erb within layouts/application
  Rendered shared/_main_nav.html.erb (0.2ms)
  Rendered shared/_masthead.html.erb (0.3ms)
  Rendered shared/_sections_nav.html.erb (0.3ms)
  Rendered shared/_search_modal.html.erb (0.5ms)
  Rendered shared/_main_content.html.erb (0.3ms)
  Rendered static_pages/index.html.erb within layouts/application (19.9ms)
Completed 200 OK in 114ms (Views: 110.1ms | ActiveRecord: 0.0ms)


Started GET "/assets/application.self-8cb30da45019e168e49c997fecf7c07d975b6d2e616ee43446e40f2e338a904c.css?body=1" for ::1 at 2021-02-11 14:59:34 -0500
Started GET "/" for ::1 at 2021-02-11 15:00:01 -0500
Processing by StaticPagesController#index as HTML
  Rendering static_pages/index.html.erb within layouts/application
  Rendered shared/_main_nav.html.erb (0.3ms)
  Rendered shared/_masthead.html.erb (0.2ms)
  Rendered shared/_sections_nav.html.erb (0.2ms)
  Rendered shared/_search_modal.html.erb (0.3ms)
  Rendered shared/_main_content.html.erb (0.6ms)
  Rendered static_pages/index.html.erb within layouts/application (19.5ms)
Completed 200 OK in 114ms (Views: 111.6ms | ActiveRecord: 0.0ms)


Started GET "/assets/application.self-7eb56efd7a5c531247ce34964a8cb10b93e580c4b43e5bfb2cbdba5df2718007.css?body=1" for ::1 at 2021-02-11 15:00:02 -0500
Started GET "/" for ::1 at 2021-02-11 15:00:09 -0500
Processing by StaticPagesController#index as HTML
  Rendering static_pages/index.html.erb within layouts/application
  Rendered shared/_main_nav.html.erb (0.4ms)
  Rendered shared/_masthead.html.erb (0.2ms)
  Rendered shared/_sections_nav.html.erb (0.4ms)
  Rendered shared/_search_modal.html.erb (0.2ms)
  Rendered shared/_main_content.html.erb (0.3ms)
  Rendered static_pages/index.html.erb within layouts/application (16.6ms)
Completed 200 OK in 117ms (Views: 112.5ms | ActiveRecord: 0.0ms)


Started GET "/assets/application.self-7e95c28f461835c00583fe496796122d46de44322a142f1310194a974df2339f.css?body=1" for ::1 at 2021-02-11 15:00:09 -0500
Started GET "/" for ::1 at 2021-02-11 15:00:56 -0500
Processing by StaticPagesController#index as HTML
  Rendering static_pages/index.html.erb within layouts/application
  Rendered shared/_main_nav.html.erb (0.3ms)
  Rendered shared/_masthead.html.erb (0.4ms)
  Rendered shared/_sections_nav.html.erb (0.2ms)
  Rendered shared/_search_modal.html.erb (0.2ms)
  Rendered shared/_main_content.html.erb (0.2ms)
  Rendered static_pages/index.html.erb within layouts/application (16.4ms)
Completed 200 OK in 118ms (Views: 110.9ms | ActiveRecord: 0.0ms)


Started GET "/assets/application.self-e1963c550643b061ca0d14db79526318614810f637838e5cfef425b5dcfce74f.css?body=1" for ::1 at 2021-02-11 15:00:56 -0500
Started GET "/" for ::1 at 2021-02-11 15:01:37 -0500
Processing by StaticPagesController#index as HTML
  Rendering static_pages/index.html.erb within layouts/application
  Rendered shared/_main_nav.html.erb (0.3ms)
  Rendered shared/_masthead.html.erb (0.2ms)
  Rendered shared/_sections_nav.html.erb (0.2ms)
  Rendered shared/_search_modal.html.erb (0.2ms)
  Rendered shared/_main_content.html.erb (0.4ms)
  Rendered static_pages/index.html.erb within layouts/application (15.3ms)
Completed 200 OK in 121ms (Views: 114.0ms | ActiveRecord: 0.0ms)


Started GET "/assets/application.self-ab07cfcdb68ea1f58d724b2ec5c14d432ed45df8526f3b3ad164665d9b6d82c1.css?body=1" for ::1 at 2021-02-11 15:01:37 -0500
Started GET "/" for ::1 at 2021-02-11 15:02:30 -0500
Processing by StaticPagesController#index as HTML
  Rendering static_pages/index.html.erb within layouts/application
  Rendered shared/_main_nav.html.erb (0.3ms)
  Rendered shared/_masthead.html.erb (0.2ms)
  Rendered shared/_sections_nav.html.erb (0.5ms)
  Rendered shared/_search_modal.html.erb (0.3ms)
  Rendered shared/_main_content.html.erb (0.2ms)
  Rendered static_pages/index.html.erb within layouts/application (18.7ms)
Completed 200 OK in 120ms (Views: 117.2ms | ActiveRecord: 0.0ms)


Started GET "/assets/application.self-a50050af40251c78ee2438ef4cf35a4ff7f1e04e189d790eaca6e8818395eb54.css?body=1" for ::1 at 2021-02-11 15:02:30 -0500
Started GET "/" for ::1 at 2021-02-11 15:03:29 -0500
Processing by StaticPagesController#index as HTML
  Rendering static_pages/index.html.erb within layouts/application
  Rendered shared/_main_nav.html.erb (0.3ms)
  Rendered shared/_masthead.html.erb (0.4ms)
  Rendered shared/_sections_nav.html.erb (0.3ms)
  Rendered shared/_search_modal.html.erb (0.3ms)
  Rendered shared/_main_content.html.erb (0.5ms)
  Rendered static_pages/index.html.erb within layouts/application (20.9ms)
Completed 200 OK in 130ms (Views: 126.0ms | ActiveRecord: 0.0ms)


Started GET "/assets/application.self-14a442d5774a88565f61fdcfa9ee10b53d2e61f979d7c14581af48e5741307a7.css?body=1" for ::1 at 2021-02-11 15:03:29 -0500
Started GET "/" for ::1 at 2021-02-11 15:03:41 -0500
Processing by StaticPagesController#index as HTML
  Rendering static_pages/index.html.erb within layouts/application
  Rendered shared/_main_nav.html.erb (0.2ms)
  Rendered shared/_masthead.html.erb (0.3ms)
  Rendered shared/_sections_nav.html.erb (0.3ms)
  Rendered shared/_search_modal.html.erb (0.4ms)
  Rendered shared/_main_content.html.erb (0.3ms)
  Rendered static_pages/index.html.erb within layouts/application (15.9ms)
Completed 200 OK in 112ms (Views: 109.8ms | ActiveRecord: 0.0ms)


Started GET "/assets/application.self-659884b0bd29ebc49127609c17ef9ce190ac5687e20f9a48564302324b9a5faf.css?body=1" for ::1 at 2021-02-11 15:03:41 -0500
Started GET "/" for ::1 at 2021-02-11 15:04:11 -0500
Processing by StaticPagesController#index as HTML
  Rendering static_pages/index.html.erb within layouts/application
  Rendered shared/_main_nav.html.erb (0.2ms)
  Rendered shared/_masthead.html.erb (0.2ms)
  Rendered shared/_sections_nav.html.erb (0.2ms)
  Rendered shared/_search_modal.html.erb (0.4ms)
  Rendered shared/_main_content.html.erb (0.2ms)
  Rendered static_pages/index.html.erb within layouts/application (20.4ms)
Completed 200 OK in 48ms (Views: 45.0ms | ActiveRecord: 0.0ms)


Started GET "/" for ::1 at 2021-02-11 15:04:26 -0500
Processing by StaticPagesController#index as HTML
  Rendering static_pages/index.html.erb within layouts/application
  Rendered shared/_main_nav.html.erb (0.3ms)
  Rendered shared/_masthead.html.erb (0.2ms)
  Rendered shared/_sections_nav.html.erb (0.3ms)
  Rendered shared/_search_modal.html.erb (0.2ms)
  Rendered shared/_main_content.html.erb (0.4ms)
  Rendered static_pages/index.html.erb within layouts/application (18.6ms)
Completed 200 OK in 118ms (Views: 115.0ms | ActiveRecord: 0.0ms)


Started GET "/assets/application.self-772b459cb63a3816db350bb3850a9d4352cb20bcd323aa4dfcbef576b602ebf7.css?body=1" for ::1 at 2021-02-11 15:04:26 -0500
Started GET "/" for ::1 at 2021-02-11 15:05:05 -0500
Processing by StaticPagesController#index as HTML
  Rendering static_pages/index.html.erb within layouts/application
  Rendered shared/_main_nav.html.erb (0.3ms)
  Rendered shared/_masthead.html.erb (0.2ms)
  Rendered shared/_sections_nav.html.erb (0.3ms)
  Rendered shared/_search_modal.html.erb (0.5ms)
  Rendered shared/_main_content.html.erb (0.3ms)
  Rendered static_pages/index.html.erb within layouts/application (20.1ms)
Completed 500 Internal Server Error in 69ms (ActiveRecord: 0.0ms)



Sass::SyntaxError - Undefined variable: "$sanserif".:
  app/views/layouts/application.html.erb:7:in `_app_views_layouts_application_html_erb__4332481340071969888_70266346863860'

Started POST "/__better_errors/6478aeddd865ed37/variables" for ::1 at 2021-02-11 15:05:06 -0500
Started POST "/__better_errors/6478aeddd865ed37/variables" for ::1 at 2021-02-11 15:05:10 -0500
Started GET "/" for ::1 at 2021-02-11 15:05:19 -0500
Processing by StaticPagesController#index as HTML
  Rendering static_pages/index.html.erb within layouts/application
  Rendered shared/_main_nav.html.erb (0.3ms)
  Rendered shared/_masthead.html.erb (0.3ms)
  Rendered shared/_sections_nav.html.erb (0.9ms)
  Rendered shared/_search_modal.html.erb (0.3ms)
  Rendered shared/_main_content.html.erb (0.2ms)
  Rendered static_pages/index.html.erb within layouts/application (21.1ms)
Completed 200 OK in 240ms (Views: 236.9ms | ActiveRecord: 0.0ms)


Started GET "/assets/application.self-7e055d6c00f3ca8016d764faa466be97b3f89f61689f658bbb194147ccde3ae2.css?body=1" for ::1 at 2021-02-11 15:05:20 -0500
Started GET "/" for ::1 at 2021-02-11 15:05:34 -0500
Processing by StaticPagesController#index as HTML
  Rendering static_pages/index.html.erb within layouts/application
  Rendered shared/_main_nav.html.erb (0.2ms)
  Rendered shared/_masthead.html.erb (0.3ms)
  Rendered shared/_sections_nav.html.erb (0.3ms)
  Rendered shared/_search_modal.html.erb (0.3ms)
  Rendered shared/_main_content.html.erb (0.2ms)
  Rendered static_pages/index.html.erb within layouts/application (17.8ms)
Completed 200 OK in 155ms (Views: 149.9ms | ActiveRecord: 0.0ms)


Started GET "/assets/application.self-17eb823116092195540f2b5367e7e837e050c130c9a694eceaabbd54d30006a3.css?body=1" for ::1 at 2021-02-11 15:05:34 -0500
Started GET "/" for ::1 at 2021-02-11 15:05:37 -0500
Processing by StaticPagesController#index as HTML
  Rendering static_pages/index.html.erb within layouts/application
  Rendered shared/_main_nav.html.erb (0.2ms)
  Rendered shared/_masthead.html.erb (0.3ms)
  Rendered shared/_sections_nav.html.erb (0.3ms)
  Rendered shared/_search_modal.html.erb (0.4ms)
  Rendered shared/_main_content.html.erb (0.3ms)
  Rendered static_pages/index.html.erb within layouts/application (18.2ms)
Completed 200 OK in 46ms (Views: 43.1ms | ActiveRecord: 0.0ms)


Started GET "/" for ::1 at 2021-02-11 15:05:43 -0500
Processing by StaticPagesController#index as HTML
  Rendering static_pages/index.html.erb within layouts/application
  Rendered shared/_main_nav.html.erb (0.3ms)
  Rendered shared/_masthead.html.erb (0.2ms)
  Rendered shared/_sections_nav.html.erb (0.2ms)
  Rendered shared/_search_modal.html.erb (0.3ms)
  Rendered shared/_main_content.html.erb (0.6ms)
  Rendered static_pages/index.html.erb within layouts/application (16.3ms)
Completed 200 OK in 137ms (Views: 134.8ms | ActiveRecord: 0.0ms)


Started GET "/assets/application.self-04c2280b1ba998f9f7041450c5256bdb95d55d25822031baab26d4528c1e18c0.css?body=1" for ::1 at 2021-02-11 15:05:43 -0500
Started GET "/" for ::1 at 2021-02-11 15:06:03 -0500
Processing by StaticPagesController#index as HTML
  Rendering static_pages/index.html.erb within layouts/application
  Rendered shared/_main_nav.html.erb (0.4ms)
  Rendered shared/_masthead.html.erb (2.5ms)
  Rendered shared/_sections_nav.html.erb (0.3ms)
  Rendered shared/_search_modal.html.erb (0.5ms)
  Rendered shared/_main_content.html.erb (0.6ms)
  Rendered static_pages/index.html.erb within layouts/application (28.2ms)
Completed 200 OK in 176ms (Views: 168.4ms | ActiveRecord: 0.0ms)


Started GET "/assets/application.self-6f496637f9c4a526cbc5d99d0a06a50005bee89a1516fa77cf8cac2776ba010d.css?body=1" for ::1 at 2021-02-11 15:06:03 -0500
Started GET "/" for ::1 at 2021-02-11 15:06:12 -0500
Processing by StaticPagesController#index as HTML
  Rendering static_pages/index.html.erb within layouts/application
  Rendered shared/_main_nav.html.erb (0.4ms)
  Rendered shared/_masthead.html.erb (0.3ms)
  Rendered shared/_sections_nav.html.erb (0.2ms)
  Rendered shared/_search_modal.html.erb (0.3ms)
  Rendered shared/_main_content.html.erb (0.3ms)
  Rendered static_pages/index.html.erb within layouts/application (21.6ms)
Completed 200 OK in 116ms (Views: 109.5ms | ActiveRecord: 0.0ms)


Started GET "/assets/application.self-1f5c3b244e328d77454e059f4ada1dea9f0674ea97deb2f31bcdd545c6344b2d.css?body=1" for ::1 at 2021-02-11 15:06:12 -0500
Started GET "/" for ::1 at 2021-02-11 15:07:18 -0500
Processing by StaticPagesController#index as HTML
  Rendering static_pages/index.html.erb within layouts/application
  Rendered shared/_main_nav.html.erb (0.5ms)
  Rendered shared/_masthead.html.erb (0.3ms)
  Rendered shared/_sections_nav.html.erb (0.4ms)
  Rendered shared/_search_modal.html.erb (0.4ms)
  Rendered shared/_main_content.html.erb (0.3ms)
  Rendered static_pages/index.html.erb within layouts/application (30.5ms)
Completed 200 OK in 138ms (Views: 135.3ms | ActiveRecord: 0.0ms)


Started GET "/assets/application.self-502c147bcfb1f94edd31f9378dba1d0a5f2f02dc64180e8bfa03aa8ef5e6c1b1.css?body=1" for ::1 at 2021-02-11 15:07:19 -0500
Started GET "/" for ::1 at 2021-02-11 15:07:24 -0500
Processing by StaticPagesController#index as HTML
  Rendering static_pages/index.html.erb within layouts/application
  Rendered shared/_main_nav.html.erb (0.5ms)
  Rendered shared/_masthead.html.erb (0.4ms)
  Rendered shared/_sections_nav.html.erb (0.3ms)
  Rendered shared/_search_modal.html.erb (0.4ms)
  Rendered shared/_main_content.html.erb (0.2ms)
  Rendered static_pages/index.html.erb within layouts/application (20.4ms)
Completed 200 OK in 124ms (Views: 121.0ms | ActiveRecord: 0.0ms)


Started GET "/assets/application.self-86d51c42a36b8881ad24f50fc5b7286605a0623c5ab6e71f2b23f4b5e7abb968.css?body=1" for ::1 at 2021-02-11 15:07:24 -0500
Started GET "/" for ::1 at 2021-02-11 15:07:35 -0500
Processing by StaticPagesController#index as HTML
  Rendering static_pages/index.html.erb within layouts/application
  Rendered shared/_main_nav.html.erb (0.3ms)
  Rendered shared/_masthead.html.erb (0.3ms)
  Rendered shared/_sections_nav.html.erb (0.2ms)
  Rendered shared/_search_modal.html.erb (0.2ms)
  Rendered shared/_main_content.html.erb (0.3ms)
  Rendered static_pages/index.html.erb within layouts/application (18.4ms)
Completed 200 OK in 120ms (Views: 116.7ms | ActiveRecord: 0.0ms)


Started GET "/assets/application.self-8211f8c678d03d8e1ca3d2c7eff2c1c5ca45a2c0fd5c9bae0a7e16749947dd62.css?body=1" for ::1 at 2021-02-11 15:07:35 -0500
Started GET "/" for ::1 at 2021-02-11 15:08:22 -0500
Processing by StaticPagesController#index as HTML
  Rendering static_pages/index.html.erb within layouts/application
  Rendered shared/_main_nav.html.erb (0.3ms)
  Rendered shared/_masthead.html.erb (0.4ms)
  Rendered shared/_sections_nav.html.erb (0.2ms)
  Rendered shared/_search_modal.html.erb (0.2ms)
  Rendered shared/_main_content.html.erb (0.3ms)
  Rendered static_pages/index.html.erb within layouts/application (16.0ms)
Completed 200 OK in 114ms (Views: 109.9ms | ActiveRecord: 0.0ms)


Started GET "/assets/application.self-876f016e8ca3b71b1d07164d01aa889576a088bbd7c3ad7b9244efff27a179f9.css?body=1" for ::1 at 2021-02-11 15:08:23 -0500
Started GET "/" for ::1 at 2021-02-11 15:08:38 -0500
Processing by StaticPagesController#index as HTML
  Rendering static_pages/index.html.erb within layouts/application
  Rendered shared/_main_nav.html.erb (0.4ms)
  Rendered shared/_masthead.html.erb (0.5ms)
  Rendered shared/_sections_nav.html.erb (0.2ms)
  Rendered shared/_search_modal.html.erb (0.4ms)
  Rendered shared/_main_content.html.erb (0.2ms)
  Rendered static_pages/index.html.erb within layouts/application (18.8ms)
Completed 200 OK in 127ms (Views: 121.8ms | ActiveRecord: 0.0ms)


Started GET "/assets/application.self-c7c82fa2bf5beabc6fc19d8753b734c1dc2b86b9971373d91d4415db87b39b43.css?body=1" for ::1 at 2021-02-11 15:08:38 -0500
Started GET "/" for ::1 at 2021-02-11 15:08:47 -0500
Processing by StaticPagesController#index as HTML
  Rendering static_pages/index.html.erb within layouts/application
  Rendered shared/_main_nav.html.erb (0.3ms)
  Rendered shared/_masthead.html.erb (0.4ms)
  Rendered shared/_sections_nav.html.erb (0.2ms)
  Rendered shared/_search_modal.html.erb (0.2ms)
  Rendered shared/_main_content.html.erb (0.2ms)
  Rendered static_pages/index.html.erb within layouts/application (16.7ms)
Completed 200 OK in 125ms (Views: 122.2ms | ActiveRecord: 0.0ms)


Started GET "/assets/application.self-a3cb94bf151ff28213c2e0fdc74193646768878106585374b4f65201a4ac4347.css?body=1" for ::1 at 2021-02-11 15:08:48 -0500
Started GET "/" for ::1 at 2021-02-11 15:08:50 -0500
Processing by StaticPagesController#index as HTML
  Rendering static_pages/index.html.erb within layouts/application
  Rendered shared/_main_nav.html.erb (0.3ms)
  Rendered shared/_masthead.html.erb (1.0ms)
  Rendered shared/_sections_nav.html.erb (0.4ms)
  Rendered shared/_search_modal.html.erb (0.3ms)
  Rendered shared/_main_content.html.erb (0.3ms)
  Rendered static_pages/index.html.erb within layouts/application (28.2ms)
Completed 200 OK in 51ms (Views: 46.8ms | ActiveRecord: 0.0ms)


Started GET "/" for ::1 at 2021-02-11 15:08:54 -0500
Processing by StaticPagesController#index as HTML
  Rendering static_pages/index.html.erb within layouts/application
  Rendered shared/_main_nav.html.erb (0.3ms)
  Rendered shared/_masthead.html.erb (0.2ms)
  Rendered shared/_sections_nav.html.erb (0.4ms)
  Rendered shared/_search_modal.html.erb (0.5ms)
  Rendered shared/_main_content.html.erb (0.6ms)
  Rendered static_pages/index.html.erb within layouts/application (22.5ms)
Completed 200 OK in 143ms (Views: 140.2ms | ActiveRecord: 0.0ms)


Started GET "/assets/application.self-50cb9367eaf9d0fa08b61776e53ff29d051cc9ac5dcd2ba9d7a70f029b416828.css?body=1" for ::1 at 2021-02-11 15:08:54 -0500
Started GET "/" for ::1 at 2021-02-11 15:08:55 -0500
Processing by StaticPagesController#index as HTML
  Rendering static_pages/index.html.erb within layouts/application
  Rendered shared/_main_nav.html.erb (0.4ms)
  Rendered shared/_masthead.html.erb (2.0ms)
  Rendered shared/_sections_nav.html.erb (0.5ms)
  Rendered shared/_search_modal.html.erb (0.3ms)
  Rendered shared/_main_content.html.erb (0.6ms)
  Rendered static_pages/index.html.erb within layouts/application (34.7ms)
Completed 200 OK in 78ms (Views: 74.2ms | ActiveRecord: 0.0ms)


Started GET "/" for ::1 at 2021-02-11 15:09:08 -0500
Processing by StaticPagesController#index as HTML
  Rendering static_pages/index.html.erb within layouts/application
  Rendered shared/_main_nav.html.erb (0.5ms)
  Rendered shared/_masthead.html.erb (0.3ms)
  Rendered shared/_sections_nav.html.erb (0.2ms)
  Rendered shared/_search_modal.html.erb (0.2ms)
  Rendered shared/_main_content.html.erb (1.2ms)
  Rendered static_pages/index.html.erb within layouts/application (19.6ms)
Completed 200 OK in 104ms (Views: 100.8ms | ActiveRecord: 0.0ms)


Started GET "/assets/application.self-9911153257ea26ac6afaa9a209f3c3048be07fcf521401284323aa4d069361d5.css?body=1" for ::1 at 2021-02-11 15:09:09 -0500
Started GET "/" for ::1 at 2021-02-11 15:09:44 -0500
Processing by StaticPagesController#index as HTML
  Rendering static_pages/index.html.erb within layouts/application
  Rendered shared/_main_nav.html.erb (0.5ms)
  Rendered shared/_masthead.html.erb (0.3ms)
  Rendered shared/_sections_nav.html.erb (0.6ms)
  Rendered shared/_search_modal.html.erb (0.3ms)
  Rendered shared/_main_content.html.erb (0.4ms)
  Rendered static_pages/index.html.erb within layouts/application (23.4ms)
Completed 200 OK in 165ms (Views: 157.4ms | ActiveRecord: 0.0ms)


Started GET "/assets/application.self-f140cfeb33c74a3ed1b8789602e6cae6a021a8d72a9602dd35ba5d9286b242c2.css?body=1" for ::1 at 2021-02-11 15:09:44 -0500
Started GET "/" for ::1 at 2021-02-11 15:09:52 -0500
Processing by StaticPagesController#index as HTML
  Rendering static_pages/index.html.erb within layouts/application
  Rendered shared/_main_nav.html.erb (0.6ms)
  Rendered shared/_masthead.html.erb (0.4ms)
  Rendered shared/_sections_nav.html.erb (0.2ms)
  Rendered shared/_search_modal.html.erb (0.3ms)
  Rendered shared/_main_content.html.erb (0.4ms)
  Rendered static_pages/index.html.erb within layouts/application (19.6ms)
Completed 200 OK in 135ms (Views: 130.2ms | ActiveRecord: 0.0ms)


Started GET "/assets/application.self-50268e1ff669bfa6d96a8d467b969f9142506e1f9d48de9263a25dd48d42cb93.css?body=1" for ::1 at 2021-02-11 15:09:53 -0500
Started GET "/" for ::1 at 2021-02-11 15:10:01 -0500
Processing by StaticPagesController#index as HTML
  Rendering static_pages/index.html.erb within layouts/application
  Rendered shared/_main_nav.html.erb (0.3ms)
  Rendered shared/_masthead.html.erb (0.2ms)
  Rendered shared/_sections_nav.html.erb (0.4ms)
  Rendered shared/_search_modal.html.erb (0.3ms)
  Rendered shared/_main_content.html.erb (0.3ms)
  Rendered static_pages/index.html.erb within layouts/application (21.4ms)
Completed 200 OK in 127ms (Views: 121.8ms | ActiveRecord: 0.0ms)


Started GET "/assets/application.self-7e3a8eef43ba1fbd2b6623844f3e8776ded25655d8ac38709ddae157a2abaee4.css?body=1" for ::1 at 2021-02-11 15:10:01 -0500
Started GET "/" for ::1 at 2021-02-11 15:10:06 -0500
Processing by StaticPagesController#index as HTML
  Rendering static_pages/index.html.erb within layouts/application
  Rendered shared/_main_nav.html.erb (0.3ms)
  Rendered shared/_masthead.html.erb (0.4ms)
  Rendered shared/_sections_nav.html.erb (0.2ms)
  Rendered shared/_search_modal.html.erb (0.3ms)
  Rendered shared/_main_content.html.erb (0.2ms)
  Rendered static_pages/index.html.erb within layouts/application (17.7ms)
Completed 200 OK in 132ms (Views: 129.2ms | ActiveRecord: 0.0ms)


Started GET "/assets/application.self-e84106e14fe0470c0a2d9b38f3af7bdd48aa7fde21933f5cf96a355a59433fb5.css?body=1" for ::1 at 2021-02-11 15:10:06 -0500
Started GET "/" for ::1 at 2021-02-11 15:10:26 -0500
Processing by StaticPagesController#index as HTML
  Rendering static_pages/index.html.erb within layouts/application
  Rendered shared/_main_nav.html.erb (0.5ms)
  Rendered shared/_masthead.html.erb (0.5ms)
  Rendered shared/_sections_nav.html.erb (0.2ms)
  Rendered shared/_search_modal.html.erb (0.3ms)
  Rendered shared/_main_content.html.erb (0.2ms)
  Rendered static_pages/index.html.erb within layouts/application (18.9ms)
Completed 200 OK in 119ms (Views: 115.6ms | ActiveRecord: 0.0ms)


Started GET "/assets/application.self-047999b0c11c69abe4e885ffc8ea369fcd2b51f9a92acdc15a141fe9b53217b7.css?body=1" for ::1 at 2021-02-11 15:10:27 -0500
Started GET "/" for ::1 at 2021-02-11 15:11:03 -0500
Processing by StaticPagesController#index as HTML
  Rendering static_pages/index.html.erb within layouts/application
  Rendered shared/_main_nav.html.erb (0.5ms)
  Rendered shared/_masthead.html.erb (0.3ms)
  Rendered shared/_sections_nav.html.erb (0.2ms)
  Rendered shared/_search_modal.html.erb (0.4ms)
  Rendered shared/_main_content.html.erb (0.5ms)
  Rendered static_pages/index.html.erb within layouts/application (28.0ms)
Completed 200 OK in 130ms (Views: 127.5ms | ActiveRecord: 0.0ms)


Started GET "/assets/application.self-ddbbf0b1ac3fef8aa6ea5bbc9cd7ce443952059d1aff72fdb4650f91f929d5ff.css?body=1" for ::1 at 2021-02-11 15:11:04 -0500
Started GET "/" for ::1 at 2021-02-11 15:11:06 -0500
Processing by StaticPagesController#index as HTML
  Rendering static_pages/index.html.erb within layouts/application
  Rendered shared/_main_nav.html.erb (0.2ms)
  Rendered shared/_masthead.html.erb (0.2ms)
  Rendered shared/_sections_nav.html.erb (0.2ms)
  Rendered shared/_search_modal.html.erb (0.2ms)
  Rendered shared/_main_content.html.erb (0.3ms)
  Rendered static_pages/index.html.erb within layouts/application (14.1ms)
Completed 200 OK in 50ms (Views: 46.7ms | ActiveRecord: 0.0ms)


Started GET "/" for ::1 at 2021-02-11 15:11:15 -0500
Processing by StaticPagesController#index as HTML
  Rendering static_pages/index.html.erb within layouts/application
  Rendered shared/_main_nav.html.erb (0.4ms)
  Rendered shared/_masthead.html.erb (0.4ms)
  Rendered shared/_sections_nav.html.erb (0.3ms)
  Rendered shared/_search_modal.html.erb (0.8ms)
  Rendered shared/_main_content.html.erb (0.6ms)
  Rendered static_pages/index.html.erb within layouts/application (36.3ms)
Completed 200 OK in 247ms (Views: 243.1ms | ActiveRecord: 0.0ms)


Started GET "/assets/application.self-bca39032f4d21f209fc845171f60976fa5074795c6b314fc11d5328794a2e4b7.css?body=1" for ::1 at 2021-02-11 15:11:15 -0500
Started GET "/" for ::1 at 2021-02-11 15:11:20 -0500
Processing by StaticPagesController#index as HTML
  Rendering static_pages/index.html.erb within layouts/application
  Rendered shared/_main_nav.html.erb (0.7ms)
  Rendered shared/_masthead.html.erb (0.2ms)
  Rendered shared/_sections_nav.html.erb (0.5ms)
  Rendered shared/_search_modal.html.erb (0.4ms)
  Rendered shared/_main_content.html.erb (0.2ms)
  Rendered static_pages/index.html.erb within layouts/application (28.8ms)
Completed 200 OK in 127ms (Views: 124.0ms | ActiveRecord: 0.0ms)


Started GET "/assets/application.self-964458aeebee1caac549eb5f0be0504aec37ba6f07828ba637fd3227679518d4.css?body=1" for ::1 at 2021-02-11 15:11:20 -0500
Started GET "/" for ::1 at 2021-02-11 15:13:25 -0500
Processing by StaticPagesController#index as HTML
  Rendering static_pages/index.html.erb within layouts/application
  Rendered shared/_main_nav.html.erb (0.6ms)
  Rendered shared/_masthead.html.erb (0.3ms)
  Rendered shared/_sections_nav.html.erb (0.2ms)
  Rendered shared/_search_modal.html.erb (0.4ms)
  Rendered shared/_main_content.html.erb (0.2ms)
  Rendered static_pages/index.html.erb within layouts/application (23.3ms)
Completed 200 OK in 131ms (Views: 127.4ms | ActiveRecord: 0.0ms)


Started GET "/assets/application.self-aaed2c64b3d956e85fd1bf96ee27a41641aaa76b9f956ca6c4b830713d8895e7.css?body=1" for ::1 at 2021-02-11 15:13:25 -0500
Started GET "/" for ::1 at 2021-02-11 15:13:40 -0500
Processing by StaticPagesController#index as HTML
  Rendering static_pages/index.html.erb within layouts/application
  Rendered shared/_main_nav.html.erb (0.3ms)
  Rendered shared/_masthead.html.erb (0.2ms)
  Rendered shared/_sections_nav.html.erb (1.0ms)
  Rendered shared/_search_modal.html.erb (0.3ms)
  Rendered shared/_main_content.html.erb (0.3ms)
  Rendered static_pages/index.html.erb within layouts/application (20.4ms)
Completed 200 OK in 168ms (Views: 157.1ms | ActiveRecord: 0.0ms)


Started GET "/assets/application.self-a7c0fa90823502f88f69d943a52feaa1fbb0401b70b70a0acd5b3482e24605d5.css?body=1" for ::1 at 2021-02-11 15:13:41 -0500
Started GET "/" for ::1 at 2021-02-11 15:14:10 -0500
Processing by StaticPagesController#index as HTML
  Rendering static_pages/index.html.erb within layouts/application
  Rendered shared/_main_nav.html.erb (0.5ms)
  Rendered shared/_masthead.html.erb (0.3ms)
  Rendered shared/_sections_nav.html.erb (0.3ms)
  Rendered shared/_search_modal.html.erb (0.3ms)
  Rendered shared/_main_content.html.erb (0.2ms)
  Rendered static_pages/index.html.erb within layouts/application (21.3ms)
Completed 200 OK in 51ms (Views: 48.1ms | ActiveRecord: 0.0ms)


Started GET "/" for ::1 at 2021-02-11 15:15:58 -0500
Processing by StaticPagesController#index as HTML
  Rendering static_pages/index.html.erb within layouts/application
  Rendered shared/_main_nav.html.erb (0.4ms)
  Rendered shared/_masthead.html.erb (0.5ms)
  Rendered shared/_sections_nav.html.erb (0.3ms)
  Rendered shared/_search_modal.html.erb (0.3ms)
  Rendered shared/_main_content.html.erb (0.4ms)
  Rendered static_pages/index.html.erb within layouts/application (26.9ms)
Completed 200 OK in 75ms (Views: 67.2ms | ActiveRecord: 0.0ms)


Started GET "/" for ::1 at 2021-02-11 15:17:17 -0500
Processing by StaticPagesController#index as HTML
  Rendering static_pages/index.html.erb within layouts/application
  Rendered shared/_main_nav.html.erb (0.4ms)
  Rendered shared/_masthead.html.erb (0.4ms)
  Rendered shared/_sections_nav.html.erb (0.4ms)
  Rendered shared/_search_modal.html.erb (0.4ms)
  Rendered shared/_main_content.html.erb (0.4ms)
  Rendered static_pages/index.html.erb within layouts/application (22.8ms)
Completed 200 OK in 135ms (Views: 130.8ms | ActiveRecord: 0.0ms)


Started GET "/assets/application.self-fbd376e034a142ed303c2a5ab2e154b976f7463e405608661c9067d36721cc52.css?body=1" for ::1 at 2021-02-11 15:17:17 -0500
Started GET "/" for ::1 at 2021-02-11 15:17:38 -0500
Processing by StaticPagesController#index as HTML
  Rendering static_pages/index.html.erb within layouts/application
  Rendered shared/_main_nav.html.erb (0.4ms)
  Rendered shared/_masthead.html.erb (0.4ms)
  Rendered shared/_sections_nav.html.erb (0.3ms)
  Rendered shared/_search_modal.html.erb (0.3ms)
  Rendered shared/_main_content.html.erb (0.5ms)
  Rendered static_pages/index.html.erb within layouts/application (18.1ms)
Completed 200 OK in 140ms (Views: 137.3ms | ActiveRecord: 0.0ms)


Started GET "/assets/application.self-a7e994da091c9854eead4ea32a90377be08998947fd741d5bbccd356d6c8164c.css?body=1" for ::1 at 2021-02-11 15:17:38 -0500
Started GET "/" for ::1 at 2021-02-11 15:17:41 -0500
Processing by StaticPagesController#index as HTML
  Rendering static_pages/index.html.erb within layouts/application
  Rendered shared/_main_nav.html.erb (0.3ms)
  Rendered shared/_masthead.html.erb (0.3ms)
  Rendered shared/_sections_nav.html.erb (0.4ms)
  Rendered shared/_search_modal.html.erb (0.3ms)
  Rendered shared/_main_content.html.erb (0.2ms)
  Rendered static_pages/index.html.erb within layouts/application (19.6ms)
Completed 200 OK in 43ms (Views: 38.6ms | ActiveRecord: 0.0ms)


Started GET "/" for ::1 at 2021-02-11 15:20:04 -0500
Processing by StaticPagesController#index as HTML
  Rendering static_pages/index.html.erb within layouts/application
  Rendered shared/_main_nav.html.erb (0.6ms)
  Rendered shared/_masthead.html.erb (0.2ms)
  Rendered shared/_sections_nav.html.erb (0.2ms)
  Rendered shared/_search_modal.html.erb (0.3ms)
  Rendered shared/_main_content.html.erb (0.9ms)
  Rendered static_pages/index.html.erb within layouts/application (20.3ms)
Completed 200 OK in 54ms (Views: 48.3ms | ActiveRecord: 0.0ms)


Started GET "/" for ::1 at 2021-02-11 15:20:06 -0500
Processing by StaticPagesController#index as HTML
  Rendering static_pages/index.html.erb within layouts/application
  Rendered shared/_main_nav.html.erb (0.7ms)
  Rendered shared/_masthead.html.erb (0.4ms)
  Rendered shared/_sections_nav.html.erb (0.3ms)
  Rendered shared/_search_modal.html.erb (0.3ms)
  Rendered shared/_main_content.html.erb (0.4ms)
  Rendered static_pages/index.html.erb within layouts/application (27.3ms)
Completed 200 OK in 73ms (Views: 66.0ms | ActiveRecord: 0.0ms)


Started GET "/" for ::1 at 2021-02-11 15:21:14 -0500
Processing by StaticPagesController#index as HTML
  Rendering static_pages/index.html.erb within layouts/application
  Rendered shared/_main_nav.html.erb (0.3ms)
  Rendered shared/_masthead.html.erb (0.5ms)
  Rendered shared/_sections_nav.html.erb (0.3ms)
  Rendered shared/_search_modal.html.erb (0.3ms)
  Rendered shared/_main_content.html.erb (0.3ms)
  Rendered static_pages/index.html.erb within layouts/application (23.7ms)
Completed 200 OK in 142ms (Views: 137.8ms | ActiveRecord: 0.0ms)


Started GET "/assets/application.self-3b279face394f352e0b65b9d61f3b396a51b249c259bf83eba3c245da423ff6d.css?body=1" for ::1 at 2021-02-11 15:21:14 -0500
Started GET "/" for ::1 at 2021-02-11 15:21:20 -0500
Processing by StaticPagesController#index as HTML
  Rendering static_pages/index.html.erb within layouts/application
  Rendered shared/_main_nav.html.erb (0.3ms)
  Rendered shared/_masthead.html.erb (0.2ms)
  Rendered shared/_sections_nav.html.erb (0.4ms)
  Rendered shared/_search_modal.html.erb (0.2ms)
  Rendered shared/_main_content.html.erb (0.3ms)
  Rendered static_pages/index.html.erb within layouts/application (22.6ms)
Completed 200 OK in 50ms (Views: 46.9ms | ActiveRecord: 0.0ms)


Started GET "/" for ::1 at 2021-02-11 15:21:37 -0500
Processing by StaticPagesController#index as HTML
  Rendering static_pages/index.html.erb within layouts/application
  Rendered shared/_main_nav.html.erb (0.3ms)
  Rendered shared/_masthead.html.erb (0.4ms)
  Rendered shared/_sections_nav.html.erb (0.5ms)
  Rendered shared/_search_modal.html.erb (0.2ms)
  Rendered shared/_main_content.html.erb (0.2ms)
  Rendered static_pages/index.html.erb within layouts/application (16.8ms)
Completed 200 OK in 119ms (Views: 115.0ms | ActiveRecord: 0.0ms)


Started GET "/assets/application.self-0a8fb0aec101f9c0a5a42724ded1d34d938ab7ec392103a948564f3f654fc62a.css?body=1" for ::1 at 2021-02-11 15:21:37 -0500
Started GET "/" for ::1 at 2021-02-11 15:21:56 -0500
Processing by StaticPagesController#index as HTML
  Rendering static_pages/index.html.erb within layouts/application
  Rendered shared/_main_nav.html.erb (0.5ms)
  Rendered shared/_masthead.html.erb (0.3ms)
  Rendered shared/_sections_nav.html.erb (0.8ms)
  Rendered shared/_search_modal.html.erb (0.2ms)
  Rendered shared/_main_content.html.erb (0.3ms)
  Rendered static_pages/index.html.erb within layouts/application (23.4ms)
Completed 200 OK in 143ms (Views: 139.6ms | ActiveRecord: 0.0ms)


Started GET "/assets/application.self-5ebadfc0515bbf6efca67745bcb2b96f066cd072df928da2f550bff1124dace9.css?body=1" for ::1 at 2021-02-11 15:21:56 -0500
Started GET "/" for ::1 at 2021-02-11 15:22:17 -0500
Processing by StaticPagesController#index as HTML
  Rendering static_pages/index.html.erb within layouts/application
  Rendered shared/_main_nav.html.erb (0.2ms)
  Rendered shared/_masthead.html.erb (0.2ms)
  Rendered shared/_sections_nav.html.erb (0.2ms)
  Rendered shared/_search_modal.html.erb (0.2ms)
  Rendered shared/_main_content.html.erb (0.3ms)
  Rendered static_pages/index.html.erb within layouts/application (15.9ms)
Completed 200 OK in 116ms (Views: 112.8ms | ActiveRecord: 0.0ms)


Started GET "/assets/application.self-24debd403f428e85c53cc36a99e8e553b2ac9f2812f061c90ab47f3cf0059e2e.css?body=1" for ::1 at 2021-02-11 15:22:18 -0500
Started GET "/" for ::1 at 2021-02-11 15:22:20 -0500
Processing by StaticPagesController#index as HTML
  Rendering static_pages/index.html.erb within layouts/application
  Rendered shared/_main_nav.html.erb (0.4ms)
  Rendered shared/_masthead.html.erb (0.2ms)
  Rendered shared/_sections_nav.html.erb (0.3ms)
  Rendered shared/_search_modal.html.erb (0.2ms)
  Rendered shared/_main_content.html.erb (0.3ms)
  Rendered static_pages/index.html.erb within layouts/application (18.6ms)
Completed 200 OK in 43ms (Views: 40.0ms | ActiveRecord: 0.0ms)


Started GET "/" for ::1 at 2021-02-11 15:22:27 -0500
Processing by StaticPagesController#index as HTML
  Rendering static_pages/index.html.erb within layouts/application
  Rendered shared/_main_nav.html.erb (0.5ms)
  Rendered shared/_masthead.html.erb (0.3ms)
  Rendered shared/_sections_nav.html.erb (0.2ms)
  Rendered shared/_search_modal.html.erb (0.2ms)
  Rendered shared/_main_content.html.erb (0.3ms)
  Rendered static_pages/index.html.erb within layouts/application (15.1ms)
Completed 200 OK in 120ms (Views: 116.9ms | ActiveRecord: 0.0ms)


Started GET "/assets/application.self-dd76e083482a6b3b7cb3369fb695a01f8c4e04cf71f6b445456c884905881877.css?body=1" for ::1 at 2021-02-11 15:22:27 -0500
Started GET "/" for ::1 at 2021-02-11 15:22:47 -0500
Processing by StaticPagesController#index as HTML
  Rendering static_pages/index.html.erb within layouts/application
  Rendered shared/_main_nav.html.erb (0.4ms)
  Rendered shared/_masthead.html.erb (0.3ms)
  Rendered shared/_sections_nav.html.erb (0.4ms)
  Rendered shared/_search_modal.html.erb (0.3ms)
  Rendered shared/_main_content.html.erb (0.5ms)
  Rendered static_pages/index.html.erb within layouts/application (24.8ms)
Completed 200 OK in 129ms (Views: 122.8ms | ActiveRecord: 0.0ms)


Started GET "/assets/application.self-5c251189b6e08e8670d09019652c79027123bbbe4d1d3d8a9c116443d7103981.css?body=1" for ::1 at 2021-02-11 15:22:47 -0500
Started GET "/" for ::1 at 2021-02-11 15:22:54 -0500
Processing by StaticPagesController#index as HTML
  Rendering static_pages/index.html.erb within layouts/application
  Rendered shared/_main_nav.html.erb (0.4ms)
  Rendered shared/_masthead.html.erb (0.3ms)
  Rendered shared/_sections_nav.html.erb (0.5ms)
  Rendered shared/_search_modal.html.erb (0.4ms)
  Rendered shared/_main_content.html.erb (0.4ms)
  Rendered static_pages/index.html.erb within layouts/application (18.7ms)
Completed 200 OK in 137ms (Views: 133.1ms | ActiveRecord: 0.0ms)


Started GET "/assets/application.self-3392155464cc614da94ced7f8e8b61219cfd9fc3b1e00982e9e332cea785168a.css?body=1" for ::1 at 2021-02-11 15:22:54 -0500
Started GET "/" for ::1 at 2021-02-11 15:23:00 -0500
Processing by StaticPagesController#index as HTML
  Rendering static_pages/index.html.erb within layouts/application
  Rendered shared/_main_nav.html.erb (0.2ms)
  Rendered shared/_masthead.html.erb (0.2ms)
  Rendered shared/_sections_nav.html.erb (0.2ms)
  Rendered shared/_search_modal.html.erb (0.3ms)
  Rendered shared/_main_content.html.erb (0.2ms)
  Rendered static_pages/index.html.erb within layouts/application (16.1ms)
Completed 200 OK in 129ms (Views: 125.0ms | ActiveRecord: 0.0ms)


Started GET "/assets/application.self-2e2e79480ce928e0489ce51c1996edabaa0fec6c60051a67761dbbcb045631d9.css?body=1" for ::1 at 2021-02-11 15:23:01 -0500
Started GET "/" for ::1 at 2021-02-11 15:23:06 -0500
Processing by StaticPagesController#index as HTML
  Rendering static_pages/index.html.erb within layouts/application
  Rendered shared/_main_nav.html.erb (0.4ms)
  Rendered shared/_masthead.html.erb (0.4ms)
  Rendered shared/_sections_nav.html.erb (0.2ms)
  Rendered shared/_search_modal.html.erb (0.4ms)
  Rendered shared/_main_content.html.erb (0.4ms)
  Rendered static_pages/index.html.erb within layouts/application (22.4ms)
Completed 200 OK in 126ms (Views: 123.1ms | ActiveRecord: 0.0ms)


Started GET "/assets/application.self-92f8e8dc84eb32603db8f6444e08f8256fe6829d3728e834a7957ce46a0a6373.css?body=1" for ::1 at 2021-02-11 15:23:06 -0500
Started GET "/" for ::1 at 2021-02-11 15:23:29 -0500
Processing by StaticPagesController#index as HTML
  Rendering static_pages/index.html.erb within layouts/application
  Rendered shared/_main_nav.html.erb (0.7ms)
  Rendered shared/_masthead.html.erb (0.3ms)
  Rendered shared/_sections_nav.html.erb (0.2ms)
  Rendered shared/_search_modal.html.erb (0.2ms)
  Rendered shared/_main_content.html.erb (0.6ms)
  Rendered static_pages/index.html.erb within layouts/application (20.0ms)
Completed 200 OK in 143ms (Views: 139.0ms | ActiveRecord: 0.0ms)


Started GET "/assets/application.self-e2ff947349d3b41cfa36823b21ed3f4ea55b548e6924c04dc5d974bed93d11d3.css?body=1" for ::1 at 2021-02-11 15:23:30 -0500
Started GET "/" for ::1 at 2021-02-11 15:23:35 -0500
Processing by StaticPagesController#index as HTML
  Rendering static_pages/index.html.erb within layouts/application
  Rendered shared/_main_nav.html.erb (0.3ms)
  Rendered shared/_masthead.html.erb (0.6ms)
  Rendered shared/_sections_nav.html.erb (0.4ms)
  Rendered shared/_search_modal.html.erb (0.3ms)
  Rendered shared/_main_content.html.erb (0.2ms)
  Rendered static_pages/index.html.erb within layouts/application (26.5ms)
Completed 200 OK in 126ms (Views: 122.3ms | ActiveRecord: 0.0ms)


Started GET "/assets/application.self-9369c6204f0a33c0ac2a1e85025e6db4fc4f6ea8adf6b9bbb8dfcd42c661b70a.css?body=1" for ::1 at 2021-02-11 15:23:35 -0500
Started GET "/" for ::1 at 2021-02-11 15:23:41 -0500
Processing by StaticPagesController#index as HTML
  Rendering static_pages/index.html.erb within layouts/application
  Rendered shared/_main_nav.html.erb (0.3ms)
  Rendered shared/_masthead.html.erb (0.3ms)
  Rendered shared/_sections_nav.html.erb (0.2ms)
  Rendered shared/_search_modal.html.erb (0.9ms)
  Rendered shared/_main_content.html.erb (0.2ms)
  Rendered static_pages/index.html.erb within layouts/application (17.8ms)
Completed 200 OK in 131ms (Views: 127.1ms | ActiveRecord: 0.0ms)


Started GET "/assets/application.self-680b63cea7e838fc212fc64d451cbf5e27e48ced322ccef4c08ea07b6d4e4a7f.css?body=1" for ::1 at 2021-02-11 15:23:42 -0500
Started GET "/" for ::1 at 2021-02-11 15:23:47 -0500
Processing by StaticPagesController#index as HTML
  Rendering static_pages/index.html.erb within layouts/application
  Rendered shared/_main_nav.html.erb (0.4ms)
  Rendered shared/_masthead.html.erb (0.3ms)
  Rendered shared/_sections_nav.html.erb (0.2ms)
  Rendered shared/_search_modal.html.erb (0.3ms)
  Rendered shared/_main_content.html.erb (0.3ms)
  Rendered static_pages/index.html.erb within layouts/application (31.6ms)
Completed 200 OK in 166ms (Views: 161.3ms | ActiveRecord: 0.0ms)


Started GET "/assets/application.self-df3ce8e30ef9c597930ff237ffdc1cd5fddb1ef60008485e326864034863f6e9.css?body=1" for ::1 at 2021-02-11 15:23:47 -0500
Started GET "/" for ::1 at 2021-02-11 15:25:33 -0500
Processing by StaticPagesController#index as HTML
  Rendering static_pages/index.html.erb within layouts/application
  Rendered shared/_main_nav.html.erb (0.6ms)
  Rendered shared/_masthead.html.erb (0.3ms)
  Rendered shared/_sections_nav.html.erb (0.3ms)
  Rendered shared/_search_modal.html.erb (0.2ms)
  Rendered shared/_main_content.html.erb (0.3ms)
  Rendered static_pages/index.html.erb within layouts/application (18.3ms)
Completed 200 OK in 155ms (Views: 152.1ms | ActiveRecord: 0.0ms)


Started GET "/assets/application.self-9ca4a3898a303fb6ac09bd1ae2689023bb561e43884ddba126f726c668b58cd4.css?body=1" for ::1 at 2021-02-11 15:25:33 -0500
Started GET "/" for ::1 at 2021-02-11 15:27:09 -0500
Processing by StaticPagesController#index as HTML
  Rendering static_pages/index.html.erb within layouts/application
  Rendered shared/_main_nav.html.erb (0.5ms)
  Rendered shared/_masthead.html.erb (0.4ms)
  Rendered shared/_sections_nav.html.erb (0.7ms)
  Rendered shared/_search_modal.html.erb (0.2ms)
  Rendered shared/_main_content.html.erb (0.8ms)
  Rendered static_pages/index.html.erb within layouts/application (23.9ms)
Completed 200 OK in 161ms (Views: 157.8ms | ActiveRecord: 0.0ms)


Started GET "/assets/application.self-885fac9765ee9d73320025c6e4edec6eb59da6c6da9d185903360488400c6ac4.css?body=1" for ::1 at 2021-02-11 15:27:09 -0500
Started GET "/" for ::1 at 2021-02-11 15:32:25 -0500
Processing by StaticPagesController#index as HTML
  Rendering static_pages/index.html.erb within layouts/application
  Rendered shared/_main_nav.html.erb (0.5ms)
  Rendered shared/_masthead.html.erb (0.3ms)
  Rendered shared/_sections_nav.html.erb (3.7ms)
  Rendered shared/_search_modal.html.erb (0.6ms)
  Rendered shared/_main_content.html.erb (0.4ms)
  Rendered static_pages/index.html.erb within layouts/application (36.2ms)
Completed 200 OK in 96ms (Views: 86.6ms | ActiveRecord: 0.0ms)


Started GET "/" for ::1 at 2021-02-11 15:33:56 -0500
Processing by StaticPagesController#index as HTML
  Rendering static_pages/index.html.erb within layouts/application
  Rendered shared/_main_nav.html.erb (0.4ms)
  Rendered shared/_masthead.html.erb (0.3ms)
  Rendered shared/_sections_nav.html.erb (0.3ms)
  Rendered shared/_search_modal.html.erb (0.2ms)
  Rendered shared/_main_content.html.erb (0.2ms)
  Rendered static_pages/index.html.erb within layouts/application (16.5ms)
Completed 200 OK in 157ms (Views: 152.9ms | ActiveRecord: 0.0ms)


Started GET "/assets/application.self-653fce16866cd7522039543f2bfd26d5e6fa72d767a5933168a6027aad4823e4.css?body=1" for ::1 at 2021-02-11 15:33:57 -0500
Started GET "/" for ::1 at 2021-02-11 15:34:20 -0500
Processing by StaticPagesController#index as HTML
  Rendering static_pages/index.html.erb within layouts/application
  Rendered shared/_main_nav.html.erb (0.3ms)
  Rendered shared/_masthead.html.erb (0.7ms)
  Rendered shared/_sections_nav.html.erb (0.3ms)
  Rendered shared/_search_modal.html.erb (0.3ms)
  Rendered shared/_main_content.html.erb (0.5ms)
  Rendered static_pages/index.html.erb within layouts/application (19.6ms)
Completed 200 OK in 156ms (Views: 151.9ms | ActiveRecord: 0.0ms)


Started GET "/assets/application.self-21fb0ecc106d13eb01e7f159be8ff71f5a303c108f44f18b8c5b637fa22dc39c.css?body=1" for ::1 at 2021-02-11 15:34:20 -0500
Started GET "/" for ::1 at 2021-02-11 15:35:14 -0500
Processing by StaticPagesController#index as HTML
  Rendering static_pages/index.html.erb within layouts/application
  Rendered shared/_main_nav.html.erb (0.3ms)
  Rendered shared/_masthead.html.erb (0.3ms)
  Rendered shared/_sections_nav.html.erb (0.3ms)
  Rendered shared/_search_modal.html.erb (0.5ms)
  Rendered shared/_main_content.html.erb (0.3ms)
  Rendered static_pages/index.html.erb within layouts/application (19.6ms)
Completed 200 OK in 193ms (Views: 190.0ms | ActiveRecord: 0.0ms)


Started GET "/assets/application.self-23ab313cba58e2665f6f2b6396fbe291a057db77fdd12b1cef92abe8e5306d5d.css?body=1" for ::1 at 2021-02-11 15:35:15 -0500
Started GET "/" for ::1 at 2021-02-11 15:36:18 -0500
Processing by StaticPagesController#index as HTML
  Rendering static_pages/index.html.erb within layouts/application
  Rendered shared/_main_nav.html.erb (0.2ms)
  Rendered shared/_masthead.html.erb (0.3ms)
  Rendered shared/_sections_nav.html.erb (0.3ms)
  Rendered shared/_search_modal.html.erb (0.3ms)
  Rendered shared/_main_content.html.erb (0.3ms)
  Rendered static_pages/index.html.erb within layouts/application (17.1ms)
Completed 200 OK in 49ms (Views: 46.2ms | ActiveRecord: 0.0ms)


Started GET "/assets/AA_Times_Logo.png" for ::1 at 2021-02-11 15:36:19 -0500
Started GET "/" for ::1 at 2021-02-11 15:37:33 -0500
Processing by StaticPagesController#index as HTML
  Rendering static_pages/index.html.erb within layouts/application
  Rendered shared/_main_nav.html.erb (1.5ms)
  Rendered shared/_masthead.html.erb (0.6ms)
  Rendered shared/_sections_nav.html.erb (0.6ms)
  Rendered shared/_search_modal.html.erb (1.8ms)
  Rendered shared/_main_content.html.erb (0.9ms)
  Rendered static_pages/index.html.erb within layouts/application (41.9ms)
Completed 200 OK in 118ms (Views: 113.8ms | ActiveRecord: 0.0ms)


Started GET "/assets/AA_Times_Logo.png" for ::1 at 2021-02-11 15:37:33 -0500
Started GET "/" for ::1 at 2021-02-11 15:38:09 -0500
Processing by StaticPagesController#index as HTML
  Rendering static_pages/index.html.erb within layouts/application
  Rendered shared/_main_nav.html.erb (0.3ms)
  Rendered shared/_masthead.html.erb (0.3ms)
  Rendered shared/_sections_nav.html.erb (0.2ms)
  Rendered shared/_search_modal.html.erb (0.3ms)
  Rendered shared/_main_content.html.erb (0.3ms)
  Rendered static_pages/index.html.erb within layouts/application (21.7ms)
Completed 200 OK in 50ms (Views: 45.9ms | ActiveRecord: 0.0ms)


Started GET "/assets/AA_Times_Logo.png" for ::1 at 2021-02-11 15:38:10 -0500
Started GET "/" for ::1 at 2021-02-11 15:38:24 -0500
Processing by StaticPagesController#index as HTML
  Rendering static_pages/index.html.erb within layouts/application
  Rendered shared/_main_nav.html.erb (0.4ms)
  Rendered shared/_masthead.html.erb (0.7ms)
  Rendered shared/_sections_nav.html.erb (0.9ms)
  Rendered shared/_search_modal.html.erb (0.9ms)
  Rendered shared/_main_content.html.erb (0.7ms)
  Rendered static_pages/index.html.erb within layouts/application (26.1ms)
Completed 200 OK in 134ms (Views: 129.3ms | ActiveRecord: 0.0ms)


Started GET "/assets/application.self-4834652c45635226cf184b4b2ab248361369b3ea2f36462f731f1fe858b82a2b.css?body=1" for ::1 at 2021-02-11 15:38:24 -0500
Started GET "/assets/AA_Times_Logo.png" for ::1 at 2021-02-11 15:38:24 -0500
Started GET "/" for ::1 at 2021-02-11 15:38:39 -0500
Processing by StaticPagesController#index as HTML
  Rendering static_pages/index.html.erb within layouts/application
  Rendered shared/_main_nav.html.erb (0.3ms)
  Rendered shared/_masthead.html.erb (0.4ms)
  Rendered shared/_sections_nav.html.erb (0.5ms)
  Rendered shared/_search_modal.html.erb (0.2ms)
  Rendered shared/_main_content.html.erb (0.3ms)
  Rendered static_pages/index.html.erb within layouts/application (21.9ms)
Completed 200 OK in 143ms (Views: 139.7ms | ActiveRecord: 0.0ms)


Started GET "/assets/application.self-5e08833ab922fddba46199925ff0f78ad12cf999766d0fb0c5362f8b930695b0.css?body=1" for ::1 at 2021-02-11 15:38:39 -0500
Started GET "/assets/AA_Times_Logo.png" for ::1 at 2021-02-11 15:38:39 -0500
Started GET "/" for ::1 at 2021-02-11 15:39:12 -0500
Processing by StaticPagesController#index as HTML
  Rendering static_pages/index.html.erb within layouts/application
  Rendered shared/_main_nav.html.erb (0.4ms)
  Rendered shared/_masthead.html.erb (0.3ms)
  Rendered shared/_sections_nav.html.erb (0.4ms)
  Rendered shared/_search_modal.html.erb (2.2ms)
  Rendered shared/_main_content.html.erb (0.3ms)
  Rendered static_pages/index.html.erb within layouts/application (25.0ms)
Completed 200 OK in 150ms (Views: 147.9ms | ActiveRecord: 0.0ms)


Started GET "/assets/application.self-9a9c7761ce34f8473d9b701e986f8c963459cc0137ced95f6ab0182b3ba5da8d.css?body=1" for ::1 at 2021-02-11 15:39:12 -0500
Started GET "/assets/AA_Times_Logo.png" for ::1 at 2021-02-11 15:39:12 -0500
Started GET "/" for ::1 at 2021-02-11 15:39:14 -0500
Processing by StaticPagesController#index as HTML
  Rendering static_pages/index.html.erb within layouts/application
  Rendered shared/_main_nav.html.erb (0.4ms)
  Rendered shared/_masthead.html.erb (0.3ms)
  Rendered shared/_sections_nav.html.erb (0.3ms)
  Rendered shared/_search_modal.html.erb (0.2ms)
  Rendered shared/_main_content.html.erb (0.3ms)
  Rendered static_pages/index.html.erb within layouts/application (17.2ms)
Completed 200 OK in 48ms (Views: 43.5ms | ActiveRecord: 0.0ms)


Started GET "/assets/AA_Times_Logo.png" for ::1 at 2021-02-11 15:39:15 -0500
Started GET "/" for ::1 at 2021-02-11 15:39:44 -0500
Processing by StaticPagesController#index as HTML
  Rendering static_pages/index.html.erb within layouts/application
  Rendered shared/_main_nav.html.erb (0.3ms)
  Rendered shared/_masthead.html.erb (0.3ms)
  Rendered shared/_sections_nav.html.erb (0.2ms)
  Rendered shared/_search_modal.html.erb (0.3ms)
  Rendered shared/_main_content.html.erb (0.4ms)
  Rendered static_pages/index.html.erb within layouts/application (19.6ms)
Completed 200 OK in 134ms (Views: 128.5ms | ActiveRecord: 0.0ms)


Started GET "/assets/application.self-eb4b90561161164c16e62423df6739a0881b8292d1beedf53a7be375a8a2e819.css?body=1" for ::1 at 2021-02-11 15:39:45 -0500
Started GET "/assets/AA_Times_Logo.png" for ::1 at 2021-02-11 15:39:45 -0500
Started GET "/" for ::1 at 2021-02-11 15:39:53 -0500
Processing by StaticPagesController#index as HTML
  Rendering static_pages/index.html.erb within layouts/application
  Rendered shared/_main_nav.html.erb (0.3ms)
  Rendered shared/_masthead.html.erb (0.4ms)
  Rendered shared/_sections_nav.html.erb (0.3ms)
  Rendered shared/_search_modal.html.erb (0.3ms)
  Rendered shared/_main_content.html.erb (0.3ms)
  Rendered static_pages/index.html.erb within layouts/application (19.6ms)
Completed 200 OK in 52ms (Views: 47.3ms | ActiveRecord: 0.0ms)


Started GET "/assets/AA_Times_Logo.png" for ::1 at 2021-02-11 15:39:53 -0500
Started GET "/" for ::1 at 2021-02-11 15:40:12 -0500
Processing by StaticPagesController#index as HTML
  Rendering static_pages/index.html.erb within layouts/application
  Rendered shared/_main_nav.html.erb (0.4ms)
  Rendered shared/_masthead.html.erb (0.4ms)
  Rendered shared/_sections_nav.html.erb (0.5ms)
  Rendered shared/_search_modal.html.erb (0.3ms)
  Rendered shared/_main_content.html.erb (0.2ms)
  Rendered static_pages/index.html.erb within layouts/application (18.4ms)
Completed 200 OK in 131ms (Views: 123.8ms | ActiveRecord: 0.0ms)


Started GET "/assets/application.self-88e919f304d656d2d2faa29f3decd27644000718eddcf91d1ce374dc815b3d19.css?body=1" for ::1 at 2021-02-11 15:40:13 -0500
Started GET "/assets/AA_Times_Logo.png" for ::1 at 2021-02-11 15:40:13 -0500
Started GET "/" for ::1 at 2021-02-11 15:40:37 -0500
Processing by StaticPagesController#index as HTML
  Rendering static_pages/index.html.erb within layouts/application
  Rendered shared/_main_nav.html.erb (0.7ms)
  Rendered shared/_masthead.html.erb (0.8ms)
  Rendered shared/_sections_nav.html.erb (4.4ms)
  Rendered shared/_search_modal.html.erb (1.4ms)
  Rendered shared/_main_content.html.erb (0.4ms)
  Rendered static_pages/index.html.erb within layouts/application (35.7ms)
Completed 200 OK in 100ms (Views: 82.7ms | ActiveRecord: 0.0ms)


Started GET "/assets/AA_Times_Logo.png" for ::1 at 2021-02-11 15:40:38 -0500
Started GET "/" for ::1 at 2021-02-11 15:42:31 -0500
Processing by StaticPagesController#index as HTML
  Rendering static_pages/index.html.erb within layouts/application
  Rendered shared/_main_nav.html.erb (0.4ms)
  Rendered shared/_masthead.html.erb (0.3ms)
  Rendered shared/_sections_nav.html.erb (0.2ms)
  Rendered shared/_search_modal.html.erb (0.3ms)
  Rendered shared/_main_content.html.erb (0.4ms)
  Rendered static_pages/index.html.erb within layouts/application (21.6ms)
Completed 200 OK in 44ms (Views: 41.1ms | ActiveRecord: 0.0ms)


Started GET "/assets/AA_Times_Logo.png" for ::1 at 2021-02-11 15:42:32 -0500
Started GET "/" for ::1 at 2021-02-11 15:43:23 -0500
Processing by StaticPagesController#index as HTML
  Rendering static_pages/index.html.erb within layouts/application
  Rendered shared/_main_nav.html.erb (0.4ms)
  Rendered shared/_masthead.html.erb (0.3ms)
  Rendered shared/_sections_nav.html.erb (0.9ms)
  Rendered shared/_search_modal.html.erb (0.3ms)
  Rendered shared/_main_content.html.erb (0.2ms)
  Rendered static_pages/index.html.erb within layouts/application (17.4ms)
Completed 200 OK in 59ms (Views: 56.1ms | ActiveRecord: 0.0ms)


Started GET "/assets/AA_Times_Logo.png" for ::1 at 2021-02-11 15:43:24 -0500
Started GET "/" for ::1 at 2021-02-11 15:43:35 -0500
Processing by StaticPagesController#index as HTML
  Rendering static_pages/index.html.erb within layouts/application
  Rendered shared/_main_nav.html.erb (0.3ms)
  Rendered shared/_masthead.html.erb (0.6ms)
  Rendered shared/_sections_nav.html.erb (0.2ms)
  Rendered shared/_search_modal.html.erb (0.3ms)
  Rendered shared/_main_content.html.erb (0.2ms)
  Rendered static_pages/index.html.erb within layouts/application (18.2ms)
Completed 200 OK in 163ms (Views: 154.8ms | ActiveRecord: 0.0ms)


Started GET "/assets/application.self-e734248175628e4b376f9e8ab83bf899aba8e2c017e73f27dc006529c928316b.css?body=1" for ::1 at 2021-02-11 15:43:36 -0500
Started GET "/assets/AA_Times_Logo.png" for ::1 at 2021-02-11 15:43:36 -0500
Started GET "/" for ::1 at 2021-02-11 15:45:42 -0500
Processing by StaticPagesController#index as HTML
  Rendering static_pages/index.html.erb within layouts/application
  Rendered shared/_main_nav.html.erb (0.3ms)
  Rendered shared/_masthead.html.erb (0.3ms)
  Rendered shared/_sections_nav.html.erb (0.4ms)
  Rendered shared/_search_modal.html.erb (0.4ms)
  Rendered shared/_main_content.html.erb (0.5ms)
  Rendered static_pages/index.html.erb within layouts/application (20.3ms)
Completed 200 OK in 67ms (Views: 62.9ms | ActiveRecord: 0.0ms)


Started GET "/assets/AA_Times_Logo.png" for ::1 at 2021-02-11 15:45:43 -0500
Started GET "/" for ::1 at 2021-02-11 15:46:35 -0500
Processing by StaticPagesController#index as HTML
  Rendering static_pages/index.html.erb within layouts/application
  Rendered shared/_main_nav.html.erb (0.3ms)
  Rendered shared/_masthead.html.erb (0.3ms)
  Rendered shared/_sections_nav.html.erb (0.2ms)
  Rendered shared/_search_modal.html.erb (0.3ms)
  Rendered shared/_main_content.html.erb (0.3ms)
  Rendered static_pages/index.html.erb within layouts/application (22.6ms)
Completed 200 OK in 50ms (Views: 45.9ms | ActiveRecord: 0.0ms)


Started GET "/assets/AA_Times_Logo.png" for ::1 at 2021-02-11 15:46:35 -0500
Started GET "/" for ::1 at 2021-02-11 16:09:13 -0500
DEPRECATION WARNING: ActiveRecord::Base.raise_in_transactional_callbacks= is deprecated, has no effect and will be removed without replacement. (called from block (3 levels) in <class:Railtie> at /home/stewartm12/.rbenv/versions/2.5.1/lib/ruby/gems/2.5.0/gems/activerecord-5.0.7.2/lib/active_record/railtie.rb:113)
Processing by StaticPagesController#index as HTML
  Rendering static_pages/index.html.erb within layouts/application
  Rendered shared/_main_nav.html.erb (0.4ms)
  Rendered shared/_masthead.html.erb (0.5ms)
  Rendered shared/_sections_nav.html.erb (0.5ms)
  Rendered shared/_search_modal.html.erb (0.5ms)
  Rendered shared/_main_content.html.erb (0.4ms)
  Rendered static_pages/index.html.erb within layouts/application (791.3ms)
Completed 200 OK in 17055ms (Views: 16905.9ms | ActiveRecord: 0.0ms)


Started GET "/assets/application.self-34f242af6c749fba36aa79f9b404c6d665f4e3df0db1a65d9010f6efdd615b4d.css?body=1" for ::1 at 2021-02-11 16:09:34 -0500
Started GET "/assets/AA_Times_Logo.png" for ::1 at 2021-02-11 16:09:34 -0500
Started GET "/" for ::1 at 2021-02-11 16:10:47 -0500
Processing by StaticPagesController#index as HTML
  Rendering static_pages/index.html.erb within layouts/application
  Rendered shared/_main_nav.html.erb (0.8ms)
  Rendered shared/_masthead.html.erb (0.6ms)
  Rendered shared/_sections_nav.html.erb (0.5ms)
  Rendered shared/_search_modal.html.erb (0.7ms)
  Rendered shared/_main_content.html.erb (0.7ms)
  Rendered static_pages/index.html.erb within layouts/application (1111.5ms)
Completed 200 OK in 7018ms (Views: 6877.5ms | ActiveRecord: 0.0ms)


Started GET "/assets/application.self-454d47475801ed7c9d029b012d9701e5fbb316e6661a58eee1d729bdb4f55fd6.css?body=1" for ::1 at 2021-02-11 16:10:55 -0500
Started GET "/assets/AA_Times_Logo.png" for ::1 at 2021-02-11 16:10:55 -0500
Started GET "/" for ::1 at 2021-02-11 16:11:26 -0500
Processing by StaticPagesController#index as HTML
  Rendering static_pages/index.html.erb within layouts/application
  Rendered shared/_main_nav.html.erb (1.3ms)
  Rendered shared/_masthead.html.erb (1.0ms)
  Rendered shared/_sections_nav.html.erb (0.4ms)
  Rendered shared/_search_modal.html.erb (0.4ms)
  Rendered shared/_main_content.html.erb (0.7ms)
  Rendered static_pages/index.html.erb within layouts/application (802.6ms)
Completed 200 OK in 5074ms (Views: 4873.4ms | ActiveRecord: 0.0ms)


Started GET "/assets/application.self-358e44f1754675da6ecfeac8119e2cd949471886f96ed5c673cd7926091e83b3.css?body=1" for ::1 at 2021-02-11 16:11:32 -0500
Started GET "/assets/AA_Times_Logo.png" for ::1 at 2021-02-11 16:11:32 -0500
Started GET "/" for ::1 at 2021-02-11 16:13:06 -0500
Processing by StaticPagesController#index as HTML
  Rendering static_pages/index.html.erb within layouts/application
  Rendered shared/_main_nav.html.erb (1.4ms)
  Rendered shared/_masthead.html.erb (1.0ms)
  Rendered shared/_sections_nav.html.erb (0.4ms)
  Rendered shared/_search_modal.html.erb (0.5ms)
  Rendered shared/_main_content.html.erb (1.9ms)
  Rendered static_pages/index.html.erb within layouts/application (1010.3ms)
Completed 200 OK in 5875ms (Views: 5712.5ms | ActiveRecord: 0.0ms)


Started GET "/assets/application.self-ae2c7378da2d549982e8efc1a730a67c968d37d638f3e7427d7602150bb059b3.css?body=1" for ::1 at 2021-02-11 16:13:12 -0500
Started GET "/assets/AA_Times_Logo.png" for ::1 at 2021-02-11 16:13:12 -0500
Started GET "/" for ::1 at 2021-02-11 16:15:22 -0500
Processing by StaticPagesController#index as HTML
  Rendering static_pages/index.html.erb within layouts/application
  Rendered shared/_main_nav.html.erb (0.5ms)
  Rendered shared/_masthead.html.erb (0.6ms)
  Rendered shared/_sections_nav.html.erb (0.6ms)
  Rendered shared/_search_modal.html.erb (0.5ms)
  Rendered shared/_main_content.html.erb (1.2ms)
  Rendered static_pages/index.html.erb within layouts/application (980.8ms)
Completed 200 OK in 5873ms (Views: 5687.5ms | ActiveRecord: 0.0ms)


Started GET "/assets/application.self-cce14ccadfec61af20b1cfc0684bc75003240b9666c3b120d68b6f8e7e5d8667.css?body=1" for ::1 at 2021-02-11 16:15:28 -0500
Started GET "/assets/AA_Times_Logo.png" for ::1 at 2021-02-11 16:15:28 -0500
Started GET "/" for ::1 at 2021-02-11 16:15:41 -0500
Processing by StaticPagesController#index as HTML
  Rendering static_pages/index.html.erb within layouts/application
  Rendered shared/_main_nav.html.erb (0.5ms)
  Rendered shared/_masthead.html.erb (0.6ms)
  Rendered shared/_sections_nav.html.erb (0.4ms)
  Rendered shared/_search_modal.html.erb (0.4ms)
  Rendered shared/_main_content.html.erb (0.6ms)
  Rendered static_pages/index.html.erb within layouts/application (1092.7ms)
Completed 200 OK in 2767ms (Views: 2589.9ms | ActiveRecord: 0.0ms)


Started GET "/assets/AA_Times_Logo.png" for ::1 at 2021-02-11 16:15:44 -0500
Started GET "/" for ::1 at 2021-02-11 16:17:57 -0500
Processing by StaticPagesController#index as HTML
  Rendering static_pages/index.html.erb within layouts/application
  Rendered shared/_main_nav.html.erb (0.5ms)
  Rendered shared/_masthead.html.erb (0.4ms)
  Rendered shared/_sections_nav.html.erb (0.3ms)
  Rendered shared/_search_modal.html.erb (0.4ms)
  Rendered shared/_main_content.html.erb (0.6ms)
  Rendered static_pages/index.html.erb within layouts/application (816.0ms)
Completed 200 OK in 5575ms (Views: 5350.0ms | ActiveRecord: 0.0ms)


Started GET "/assets/application.self-273b4aee82c273e8bf2f8151950f0d78fa9df3bb54bbc01bf5b5a3d2ac1bf32b.css?body=1" for ::1 at 2021-02-11 16:18:03 -0500
Started GET "/assets/AA_Times_Logo.png" for ::1 at 2021-02-11 16:18:03 -0500
Started GET "/" for ::1 at 2021-02-11 16:18:20 -0500
Processing by StaticPagesController#index as HTML
  Rendering static_pages/index.html.erb within layouts/application
  Rendered shared/_main_nav.html.erb (0.8ms)
  Rendered shared/_masthead.html.erb (1.0ms)
  Rendered shared/_sections_nav.html.erb (0.4ms)
  Rendered shared/_search_modal.html.erb (0.5ms)
  Rendered shared/_main_content.html.erb (0.7ms)
  Rendered static_pages/index.html.erb within layouts/application (1074.3ms)
Completed 200 OK in 2652ms (Views: 2451.9ms | ActiveRecord: 0.0ms)


Started GET "/" for ::1 at 2021-02-11 16:18:36 -0500
Processing by StaticPagesController#index as HTML
  Rendering static_pages/index.html.erb within layouts/application
  Rendered shared/_main_nav.html.erb (0.6ms)
  Rendered shared/_masthead.html.erb (1.1ms)
  Rendered shared/_sections_nav.html.erb (0.5ms)
  Rendered shared/_search_modal.html.erb (0.5ms)
  Rendered shared/_main_content.html.erb (1.0ms)
  Rendered static_pages/index.html.erb within layouts/application (979.0ms)
Completed 200 OK in 5493ms (Views: 5327.7ms | ActiveRecord: 0.0ms)


Started GET "/assets/application.self-70982704152c5df5a7a9bf87bb931f4cc3bf6edefca55180403b4df1a6e37022.css?body=1" for ::1 at 2021-02-11 16:18:42 -0500
Started GET "/assets/AA_Times_Logo.png" for ::1 at 2021-02-11 16:18:42 -0500
Started GET "/" for ::1 at 2021-02-11 16:18:45 -0500
Processing by StaticPagesController#index as HTML
  Rendering static_pages/index.html.erb within layouts/application
  Rendered shared/_main_nav.html.erb (0.6ms)
  Rendered shared/_masthead.html.erb (0.5ms)
  Rendered shared/_sections_nav.html.erb (0.4ms)
  Rendered shared/_search_modal.html.erb (0.5ms)
  Rendered shared/_main_content.html.erb (0.5ms)
  Rendered static_pages/index.html.erb within layouts/application (910.3ms)
Completed 200 OK in 2534ms (Views: 2341.3ms | ActiveRecord: 0.0ms)


Started GET "/" for ::1 at 2021-02-11 16:19:23 -0500
Processing by StaticPagesController#index as HTML
  Rendering static_pages/index.html.erb within layouts/application
  Rendered shared/_main_nav.html.erb (0.6ms)
  Rendered shared/_masthead.html.erb (0.6ms)
  Rendered shared/_sections_nav.html.erb (0.7ms)
  Rendered shared/_search_modal.html.erb (0.5ms)
  Rendered shared/_main_content.html.erb (0.6ms)
  Rendered static_pages/index.html.erb within layouts/application (970.1ms)
Completed 200 OK in 5566ms (Views: 5401.5ms | ActiveRecord: 0.0ms)


Started GET "/assets/application.self-93a09cfecba5dcd64fe721b1ff965b5b8a54b394945a5fd199dd0a51ee2d605d.css?body=1" for ::1 at 2021-02-11 16:19:29 -0500
Started GET "/assets/AA_Times_Logo.png" for ::1 at 2021-02-11 16:19:29 -0500
Started GET "/" for ::1 at 2021-02-11 16:20:58 -0500
Processing by StaticPagesController#index as HTML
  Rendering static_pages/index.html.erb within layouts/application
  Rendered shared/_main_nav.html.erb (0.5ms)
  Rendered shared/_masthead.html.erb (0.9ms)
  Rendered shared/_sections_nav.html.erb (0.5ms)
  Rendered shared/_search_modal.html.erb (0.8ms)
  Rendered shared/_main_content.html.erb (0.6ms)
  Rendered static_pages/index.html.erb within layouts/application (998.7ms)
Completed 200 OK in 5678ms (Views: 5479.6ms | ActiveRecord: 0.0ms)


Started GET "/assets/application.self-3fc6af469fd2222449a79609426398afca5fcc1a68a702269e43b7ec2df539b5.css?body=1" for ::1 at 2021-02-11 16:21:04 -0500
Started GET "/assets/AA_Times_Logo.png" for ::1 at 2021-02-11 16:21:04 -0500
Started GET "/" for ::1 at 2021-02-11 16:25:28 -0500
Processing by StaticPagesController#index as HTML
  Rendering static_pages/index.html.erb within layouts/application
  Rendered shared/_main_nav.html.erb (0.9ms)
  Rendered shared/_masthead.html.erb (0.8ms)
  Rendered shared/_sections_nav.html.erb (0.5ms)
  Rendered shared/_search_modal.html.erb (0.8ms)
  Rendered shared/_main_content.html.erb (0.9ms)
  Rendered static_pages/index.html.erb within layouts/application (1228.7ms)
Completed 200 OK in 6730ms (Views: 6569.6ms | ActiveRecord: 0.0ms)


Started GET "/assets/application.self-a7477b49e2308e64cb49942c4df534d397e1ec0ff4932310731ca85690becc98.css?body=1" for ::1 at 2021-02-11 16:25:35 -0500
Started GET "/assets/AA_Times_Logo.png" for ::1 at 2021-02-11 16:25:35 -0500
Started GET "/" for ::1 at 2021-02-11 16:25:47 -0500
Processing by StaticPagesController#index as HTML
  Rendering static_pages/index.html.erb within layouts/application
  Rendered shared/_main_nav.html.erb (0.4ms)
  Rendered shared/_masthead.html.erb (0.6ms)
  Rendered shared/_sections_nav.html.erb (0.5ms)
  Rendered shared/_search_modal.html.erb (0.6ms)
  Rendered shared/_main_content.html.erb (0.5ms)
  Rendered static_pages/index.html.erb within layouts/application (913.1ms)
Completed 200 OK in 5715ms (Views: 5543.7ms | ActiveRecord: 0.0ms)


Started GET "/assets/application.self-8ef3a5d0dcdba6669c73bd77e08536f90b51819bcf3c73a6bed9546e1c42d6e0.css?body=1" for ::1 at 2021-02-11 16:25:53 -0500
Started GET "/assets/AA_Times_Logo.png" for ::1 at 2021-02-11 16:25:53 -0500
Started GET "/" for ::1 at 2021-02-11 16:26:39 -0500
Processing by StaticPagesController#index as HTML
  Rendering static_pages/index.html.erb within layouts/application
  Rendered shared/_main_nav.html.erb (0.6ms)
  Rendered shared/_masthead.html.erb (0.4ms)
  Rendered shared/_sections_nav.html.erb (0.6ms)
  Rendered shared/_search_modal.html.erb (0.4ms)
  Rendered shared/_main_content.html.erb (0.5ms)
  Rendered static_pages/index.html.erb within layouts/application (792.5ms)
Completed 200 OK in 5335ms (Views: 5159.3ms | ActiveRecord: 0.0ms)


Started GET "/assets/application.self-c813bfb42f8020c03ccab7870fda5429bd07565e00d1a3d3f864f138bf19ca81.css?body=1" for ::1 at 2021-02-11 16:26:44 -0500
Started GET "/assets/AA_Times_Logo.png" for ::1 at 2021-02-11 16:26:44 -0500
Started GET "/" for ::1 at 2021-02-11 16:27:03 -0500
Processing by StaticPagesController#index as HTML
  Rendering static_pages/index.html.erb within layouts/application
  Rendered shared/_main_nav.html.erb (0.6ms)
  Rendered shared/_masthead.html.erb (1.0ms)
  Rendered shared/_sections_nav.html.erb (0.4ms)
  Rendered shared/_search_modal.html.erb (0.4ms)
  Rendered shared/_main_content.html.erb (0.7ms)
  Rendered static_pages/index.html.erb within layouts/application (933.6ms)
Completed 200 OK in 5328ms (Views: 5141.8ms | ActiveRecord: 0.0ms)


Started GET "/assets/application.self-f0790d3e0ff0f6d5c82e59899fd70e5638ef076dc125dd07d757d41725b4ba0d.css?body=1" for ::1 at 2021-02-11 16:27:08 -0500
Started GET "/assets/AA_Times_Logo.png" for ::1 at 2021-02-11 16:27:08 -0500
Started GET "/" for ::1 at 2021-02-11 16:27:25 -0500
Processing by StaticPagesController#index as HTML
  Rendering static_pages/index.html.erb within layouts/application
  Rendered shared/_main_nav.html.erb (0.5ms)
  Rendered shared/_masthead.html.erb (0.7ms)
  Rendered shared/_sections_nav.html.erb (0.8ms)
  Rendered shared/_search_modal.html.erb (0.9ms)
  Rendered shared/_main_content.html.erb (0.4ms)
  Rendered static_pages/index.html.erb within layouts/application (817.7ms)
Completed 200 OK in 5322ms (Views: 5133.9ms | ActiveRecord: 0.0ms)


Started GET "/assets/application.self-e595ea0145f9bd84265fefce3350f58e144b09f7b3820eabd71b973ee13b222e.css?body=1" for ::1 at 2021-02-11 16:27:31 -0500
Started GET "/assets/AA_Times_Logo.png" for ::1 at 2021-02-11 16:27:31 -0500
Started GET "/" for ::1 at 2021-02-11 16:28:59 -0500
Processing by StaticPagesController#index as HTML
  Rendering static_pages/index.html.erb within layouts/application
  Rendered shared/_main_nav.html.erb (0.6ms)
  Rendered shared/_masthead.html.erb (0.5ms)
  Rendered shared/_sections_nav.html.erb (0.6ms)
  Rendered shared/_search_modal.html.erb (0.4ms)
  Rendered shared/_main_content.html.erb (0.6ms)
  Rendered static_pages/index.html.erb within layouts/application (908.7ms)
Completed 200 OK in 5392ms (Views: 5225.8ms | ActiveRecord: 0.0ms)


Started GET "/assets/application.self-207d4f4ea979bdd54c4a2503d590d50a70921e6238c8e1890f57b17f5d59c357.css?body=1" for ::1 at 2021-02-11 16:29:05 -0500
Started GET "/assets/AA_Times_Logo.png" for ::1 at 2021-02-11 16:29:05 -0500
Started GET "/" for ::1 at 2021-02-11 16:29:39 -0500
Processing by StaticPagesController#index as HTML
  Rendering static_pages/index.html.erb within layouts/application
  Rendered shared/_main_nav.html.erb (0.4ms)
  Rendered shared/_masthead.html.erb (0.6ms)
  Rendered shared/_sections_nav.html.erb (0.7ms)
  Rendered shared/_search_modal.html.erb (0.4ms)
  Rendered shared/_main_content.html.erb (0.4ms)
  Rendered static_pages/index.html.erb within layouts/application (833.4ms)
Completed 200 OK in 5288ms (Views: 5133.0ms | ActiveRecord: 0.0ms)


Started GET "/assets/application.self-d97b62298572dfe3c7fcef2594146a6d9a9369e1e4712cdff22cc74adbb2552b.css?body=1" for ::1 at 2021-02-11 16:29:44 -0500
Started GET "/assets/AA_Times_Logo.png" for ::1 at 2021-02-11 16:29:45 -0500
Started GET "/" for ::1 at 2021-02-11 16:30:04 -0500
Processing by StaticPagesController#index as HTML
  Rendering static_pages/index.html.erb within layouts/application
  Rendered shared/_main_nav.html.erb (0.5ms)
  Rendered shared/_masthead.html.erb (0.8ms)
  Rendered shared/_sections_nav.html.erb (0.5ms)
  Rendered shared/_search_modal.html.erb (0.7ms)
  Rendered shared/_main_content.html.erb (0.5ms)
  Rendered static_pages/index.html.erb within layouts/application (797.5ms)
Completed 200 OK in 5264ms (Views: 5093.4ms | ActiveRecord: 0.0ms)


Started GET "/assets/application.self-7a1a83b12bc3db1a3c9aeacbe42c76477df3edf90e2c8f8e673b98b98198fae4.css?body=1" for ::1 at 2021-02-11 16:30:10 -0500
Started GET "/assets/AA_Times_Logo.png" for ::1 at 2021-02-11 16:30:10 -0500
Started GET "/" for ::1 at 2021-02-11 16:31:45 -0500
Processing by StaticPagesController#index as HTML
  Rendering static_pages/index.html.erb within layouts/application
  Rendered shared/_main_nav.html.erb (0.7ms)
  Rendered shared/_masthead.html.erb (0.4ms)
  Rendered shared/_sections_nav.html.erb (0.5ms)
  Rendered shared/_search_modal.html.erb (1.1ms)
  Rendered shared/_main_content.html.erb (0.5ms)
  Rendered static_pages/index.html.erb within layouts/application (856.4ms)
Completed 200 OK in 2226ms (Views: 2042.7ms | ActiveRecord: 0.0ms)


Started GET "/assets/AA_Times_Logo.png" for ::1 at 2021-02-11 16:31:48 -0500
Started GET "/" for ::1 at 2021-02-11 16:32:52 -0500
Processing by StaticPagesController#index as HTML
  Rendering static_pages/index.html.erb within layouts/application
  Rendered shared/_main_nav.html.erb (0.6ms)
  Rendered shared/_masthead.html.erb (0.4ms)
  Rendered shared/_sections_nav.html.erb (0.5ms)
  Rendered shared/_search_modal.html.erb (0.6ms)
  Rendered shared/_main_content.html.erb (0.6ms)
  Rendered static_pages/index.html.erb within layouts/application (765.7ms)
Completed 200 OK in 4994ms (Views: 4817.8ms | ActiveRecord: 0.0ms)


Started GET "/assets/application.self-ca3a2146c0ca1ebbb75184b1a0b2964f94fcc49d86cda736b7df6c144c0ca7c3.css?body=1" for ::1 at 2021-02-11 16:32:58 -0500
Started GET "/assets/AA_Times_Logo.png" for ::1 at 2021-02-11 16:32:58 -0500
Started GET "/" for ::1 at 2021-02-11 16:33:40 -0500
Processing by StaticPagesController#index as HTML
  Rendering static_pages/index.html.erb within layouts/application
  Rendered shared/_main_nav.html.erb (0.7ms)
  Rendered shared/_masthead.html.erb (1.0ms)
  Rendered shared/_sections_nav.html.erb (0.5ms)
  Rendered shared/_search_modal.html.erb (0.5ms)
  Rendered shared/_main_content.html.erb (0.6ms)
  Rendered static_pages/index.html.erb within layouts/application (977.6ms)
Completed 200 OK in 5784ms (Views: 5604.9ms | ActiveRecord: 0.0ms)


Started GET "/assets/application.self-7f78d304b218654626ba1bdd15f735d62f8b6a85040b6603c4d9c204030e5d33.css?body=1" for ::1 at 2021-02-11 16:33:46 -0500
Started GET "/assets/AA_Times_Logo.png" for ::1 at 2021-02-11 16:33:46 -0500
Started GET "/" for ::1 at 2021-02-11 16:34:59 -0500
Processing by StaticPagesController#index as HTML
  Rendering static_pages/index.html.erb within layouts/application
  Rendered shared/_main_nav.html.erb (0.7ms)
  Rendered shared/_masthead.html.erb (0.6ms)
  Rendered shared/_sections_nav.html.erb (0.5ms)
  Rendered shared/_search_modal.html.erb (0.4ms)
  Rendered shared/_main_content.html.erb (0.7ms)
  Rendered static_pages/index.html.erb within layouts/application (981.6ms)
Completed 200 OK in 5794ms (Views: 5632.4ms | ActiveRecord: 0.0ms)


Started GET "/assets/application.self-005d1b54b37210023fbc92cb6f1414919c20bc285d869e6b4979a804514c392a.css?body=1" for ::1 at 2021-02-11 16:35:05 -0500
Started GET "/assets/AA_Times_Logo.png" for ::1 at 2021-02-11 16:35:06 -0500
Started GET "/" for ::1 at 2021-02-11 16:36:11 -0500
Processing by StaticPagesController#index as HTML
  Rendering static_pages/index.html.erb within layouts/application
  Rendered shared/_main_nav.html.erb (0.8ms)
  Rendered shared/_masthead.html.erb (0.5ms)
  Rendered shared/_sections_nav.html.erb (0.3ms)
  Rendered shared/_search_modal.html.erb (0.7ms)
  Rendered shared/_main_content.html.erb (0.4ms)
  Rendered static_pages/index.html.erb within layouts/application (910.1ms)
Completed 200 OK in 2413ms (Views: 2221.7ms | ActiveRecord: 0.0ms)


Started GET "/assets/AA_Times_Logo.png" for ::1 at 2021-02-11 16:36:14 -0500
